TN:
SF:src/App.jsx
FN:30,App
FNF:1
FNH:0
FNDA:0,App
DA:31,0
DA:32,0
DA:33,0
DA:35,0
LF:4
LH:0
BRDA:38,0,0,0
BRDA:38,0,1,0
BRDA:46,1,0,0
BRDA:46,1,1,0
BRDA:50,2,0,0
BRDA:50,2,1,0
BRF:6
BRH:0
end_of_record
TN:
SF:src/components/AdminRoute.jsx
FN:5,(anonymous_0)
FNF:1
FNH:0
FNDA:0,(anonymous_0)
DA:5,0
DA:6,0
DA:8,0
DA:9,0
DA:16,0
DA:17,0
DA:20,0
DA:21,0
DA:24,0
LF:9
LH:0
BRDA:8,0,0,0
BRDA:8,0,1,0
BRDA:16,1,0,0
BRDA:16,1,1,0
BRDA:20,2,0,0
BRDA:20,2,1,0
BRF:6
BRH:0
end_of_record
TN:
SF:src/components/Header.jsx
FN:29,(anonymous_0)
FN:39,(anonymous_1)
FN:116,(anonymous_2)
FN:138,(anonymous_3)
FN:141,(anonymous_4)
FN:185,(anonymous_5)
FN:230,(anonymous_6)
FN:254,(anonymous_7)
FN:265,(anonymous_8)
FNF:9
FNH:1
FNDA:3,(anonymous_0)
FNDA:0,(anonymous_1)
FNDA:0,(anonymous_2)
FNDA:0,(anonymous_3)
FNDA:0,(anonymous_4)
FNDA:0,(anonymous_5)
FNDA:0,(anonymous_6)
FNDA:0,(anonymous_7)
FNDA:0,(anonymous_8)
DA:29,1
DA:30,3
DA:32,3
DA:33,3
DA:34,3
DA:35,3
DA:36,3
DA:37,3
DA:39,3
DA:40,0
DA:41,0
DA:42,0
DA:43,0
DA:44,0
DA:47,3
DA:54,3
DA:61,3
DA:68,3
DA:69,0
DA:72,3
DA:74,3
DA:116,0
DA:139,0
DA:142,0
DA:143,0
DA:185,0
DA:230,0
DA:255,0
DA:256,0
DA:265,0
LF:30
LH:15
BRDA:68,0,0,0
BRDA:68,0,1,3
BRDA:72,1,0,0
BRDA:72,1,1,3
BRDA:77,2,0,0
BRDA:77,2,1,3
BRDA:96,3,0,0
BRDA:96,3,1,3
BRDA:103,4,0,0
BRDA:103,4,1,3
BRDA:118,5,0,0
BRDA:118,5,1,3
BRDA:130,6,0,3
BRDA:130,6,1,0
BRDA:133,7,0,0
BRDA:133,7,1,0
BRDA:146,8,0,0
BRDA:146,8,1,0
BRDA:147,9,0,0
BRDA:147,9,1,0
BRDA:150,10,0,0
BRDA:150,10,1,0
BRDA:167,11,0,0
BRDA:167,11,1,3
BRDA:172,12,0,0
BRDA:172,12,1,3
BRDA:175,13,0,0
BRDA:175,13,1,3
BRDA:187,14,0,0
BRDA:187,14,1,3
BRDA:197,15,0,3
BRDA:197,15,1,0
BRDA:200,16,0,0
BRDA:200,16,1,0
BRDA:207,17,0,0
BRDA:207,17,1,0
BRDA:212,18,0,0
BRDA:212,18,1,0
BRDA:232,19,0,0
BRDA:232,19,1,3
BRDA:237,20,0,0
BRDA:237,20,1,3
BRDA:247,21,0,3
BRDA:247,21,1,0
BRDA:250,22,0,0
BRDA:250,22,1,0
BRDA:261,23,0,0
BRDA:261,23,1,0
BRF:48
BRH:15
end_of_record
TN:
SF:src/components/ProtectedRoute.jsx
FN:5,(anonymous_0)
FNF:1
FNH:0
FNDA:0,(anonymous_0)
DA:5,0
DA:6,0
DA:8,0
DA:9,0
DA:16,0
DA:17,0
DA:20,0
LF:7
LH:0
BRDA:8,0,0,0
BRDA:8,0,1,0
BRDA:16,1,0,0
BRDA:16,1,1,0
BRF:4
BRH:0
end_of_record
TN:
SF:src/components/Reports.jsx
FN:23,(anonymous_0)
FN:34,(anonymous_1)
FN:60,(anonymous_2)
FN:107,(anonymous_3)
FN:136,(anonymous_4)
FN:195,(anonymous_5)
FN:221,(anonymous_6)
FN:247,(anonymous_7)
FN:268,(anonymous_8)
FN:281,(anonymous_9)
FN:292,(anonymous_10)
FN:303,(anonymous_11)
FN:484,(anonymous_12)
FNF:13
FNH:0
FNDA:0,(anonymous_0)
FNDA:0,(anonymous_1)
FNDA:0,(anonymous_2)
FNDA:0,(anonymous_3)
FNDA:0,(anonymous_4)
FNDA:0,(anonymous_5)
FNDA:0,(anonymous_6)
FNDA:0,(anonymous_7)
FNDA:0,(anonymous_8)
FNDA:0,(anonymous_9)
FNDA:0,(anonymous_10)
FNDA:0,(anonymous_11)
FNDA:0,(anonymous_12)
DA:23,0
DA:24,0
DA:25,0
DA:26,0
DA:27,0
DA:28,0
DA:29,0
DA:30,0
DA:31,0
DA:34,0
DA:35,0
DA:36,0
DA:37,0
DA:39,0
DA:41,0
DA:42,0
DA:44,0
DA:45,0
DA:47,0
DA:48,0
DA:50,0
DA:51,0
DA:53,0
DA:56,0
DA:57,0
DA:60,0
DA:61,0
DA:62,0
DA:63,0
DA:71,0
DA:73,0
DA:75,0
DA:103,0
DA:107,0
DA:108,0
DA:109,0
DA:120,0
DA:121,0
DA:122,0
DA:123,0
DA:127,0
DA:128,0
DA:129,0
DA:131,0
DA:132,0
DA:136,0
DA:137,0
DA:139,0
DA:141,0
DA:143,0
DA:145,0
DA:149,0
DA:195,0
DA:221,0
DA:247,0
DA:268,0
DA:281,0
DA:292,0
DA:303,0
DA:485,0
LF:60
LH:0
BRDA:39,0,0,0
BRDA:39,0,1,0
BRDA:39,0,2,0
BRDA:39,0,3,0
BRDA:39,0,4,0
BRDA:137,1,0,0
BRDA:137,1,1,0
BRDA:137,1,2,0
BRDA:137,1,3,0
BRDA:150,2,0,0
BRDA:150,2,1,0
BRDA:156,3,0,0
BRDA:156,3,1,0
BRDA:159,4,0,0
BRDA:159,4,1,0
BRDA:166,5,0,0
BRDA:166,5,1,0
BRDA:168,6,0,0
BRDA:168,6,1,0
BRDA:173,7,0,0
BRDA:173,7,1,0
BRDA:175,8,0,0
BRDA:175,8,1,0
BRDA:176,9,0,0
BRDA:176,9,1,0
BRDA:177,10,0,0
BRDA:177,10,1,0
BRDA:188,11,0,0
BRDA:188,11,1,0
BRDA:191,12,0,0
BRDA:191,12,1,0
BRDA:197,13,0,0
BRDA:197,13,1,0
BRDA:203,14,0,0
BRDA:203,14,1,0
BRDA:205,15,0,0
BRDA:205,15,1,0
BRDA:206,16,0,0
BRDA:206,16,1,0
BRDA:214,17,0,0
BRDA:214,17,1,0
BRDA:217,18,0,0
BRDA:217,18,1,0
BRDA:223,19,0,0
BRDA:223,19,1,0
BRDA:228,20,0,0
BRDA:228,20,1,0
BRDA:229,21,0,0
BRDA:229,21,1,0
BRDA:230,22,0,0
BRDA:230,22,1,0
BRDA:231,23,0,0
BRDA:231,23,1,0
BRDA:239,24,0,0
BRDA:239,24,1,0
BRDA:242,25,0,0
BRDA:242,25,1,0
BRDA:249,26,0,0
BRDA:249,26,1,0
BRDA:260,27,0,0
BRDA:260,27,1,0
BRDA:263,28,0,0
BRDA:263,28,1,0
BRDA:270,29,0,0
BRDA:270,29,1,0
BRDA:283,30,0,0
BRDA:283,30,1,0
BRDA:289,31,0,0
BRDA:289,31,1,0
BRDA:294,32,0,0
BRDA:294,32,1,0
BRDA:300,33,0,0
BRDA:300,33,1,0
BRDA:305,34,0,0
BRDA:305,34,1,0
BRDA:311,35,0,0
BRDA:311,35,1,0
BRDA:316,36,0,0
BRDA:316,36,1,0
BRDA:320,37,0,0
BRDA:320,37,1,0
BRDA:323,38,0,0
BRDA:323,38,1,0
BRDA:328,39,0,0
BRDA:328,39,1,0
BRDA:333,40,0,0
BRDA:333,40,1,0
BRDA:336,41,0,0
BRDA:336,41,1,0
BRDA:340,42,0,0
BRDA:340,42,1,0
BRDA:343,43,0,0
BRDA:343,43,1,0
BRDA:348,44,0,0
BRDA:348,44,1,0
BRDA:353,45,0,0
BRDA:353,45,1,0
BRDA:356,46,0,0
BRDA:356,46,1,0
BRDA:359,47,0,0
BRDA:359,47,1,0
BRDA:364,48,0,0
BRDA:364,48,1,0
BRDA:369,49,0,0
BRDA:369,49,1,0
BRDA:372,50,0,0
BRDA:372,50,1,0
BRDA:375,51,0,0
BRDA:375,51,1,0
BRDA:380,52,0,0
BRDA:380,52,1,0
BRDA:385,53,0,0
BRDA:385,53,1,0
BRDA:388,54,0,0
BRDA:388,54,1,0
BRDA:392,55,0,0
BRDA:392,55,1,0
BRDA:395,56,0,0
BRDA:395,56,1,0
BRDA:400,57,0,0
BRDA:400,57,1,0
BRDA:405,58,0,0
BRDA:405,58,1,0
BRDA:408,59,0,0
BRDA:408,59,1,0
BRDA:412,60,0,0
BRDA:412,60,1,0
BRDA:415,61,0,0
BRDA:415,61,1,0
BRDA:423,62,0,0
BRDA:423,62,1,0
BRDA:423,62,2,0
BRDA:427,63,0,0
BRDA:427,63,1,0
BRDA:430,64,0,0
BRDA:430,64,1,0
BRDA:434,65,0,0
BRDA:434,65,1,0
BRDA:438,66,0,0
BRDA:438,66,1,0
BRDA:442,67,0,0
BRDA:442,67,1,0
BRDA:445,68,0,0
BRDA:445,68,1,0
BRDA:449,69,0,0
BRDA:449,69,1,0
BRDA:452,70,0,0
BRDA:452,70,1,0
BRDA:456,71,0,0
BRDA:456,71,1,0
BRDA:459,72,0,0
BRDA:459,72,1,0
BRDA:463,73,0,0
BRDA:463,73,1,0
BRDA:466,74,0,0
BRDA:466,74,1,0
BRDA:470,75,0,0
BRDA:470,75,1,0
BRDA:473,76,0,0
BRDA:473,76,1,0
BRDA:479,77,0,0
BRDA:479,77,1,0
BRDA:488,78,0,0
BRDA:488,78,1,0
BRDA:495,79,0,0
BRDA:495,79,1,0
BRDA:503,80,0,0
BRDA:503,80,1,0
BRDA:513,81,0,0
BRDA:513,81,1,0
BRDA:520,82,0,0
BRDA:520,82,1,0
BRF:172
BRH:0
end_of_record
TN:
SF:src/contexts/AuthContext.jsx
FN:6,(anonymous_0)
FN:14,(anonymous_1)
FN:18,(anonymous_2)
FN:29,(anonymous_3)
FN:41,(anonymous_4)
FN:70,(anonymous_5)
FNF:6
FNH:0
FNDA:0,(anonymous_0)
FNDA:0,(anonymous_1)
FNDA:0,(anonymous_2)
FNDA:0,(anonymous_3)
FNDA:0,(anonymous_4)
FNDA:0,(anonymous_5)
DA:4,0
DA:6,0
DA:7,0
DA:8,0
DA:9,0
DA:11,0
DA:14,0
DA:15,0
DA:16,0
DA:18,0
DA:20,0
DA:21,0
DA:22,0
DA:23,0
DA:25,0
DA:29,0
DA:30,0
DA:31,0
DA:32,0
DA:34,0
DA:35,0
DA:37,0
DA:41,0
DA:42,0
DA:43,0
DA:44,0
DA:49,0
DA:50,0
DA:51,0
DA:52,0
DA:53,0
DA:54,0
DA:56,0
DA:57,0
DA:58,0
DA:70,0
DA:71,0
DA:72,0
DA:73,0
DA:76,0
DA:83,0
LF:41
LH:0
BRDA:8,0,0,0
BRDA:8,0,1,0
BRDA:21,1,0,0
BRDA:21,1,1,0
BRDA:61,2,0,0
BRDA:61,2,1,0
BRDA:61,2,2,0
BRDA:61,2,3,0
BRDA:65,3,0,0
BRDA:65,3,1,0
BRF:10
BRH:0
end_of_record
TN:
SF:src/contexts/DarkModeContext.jsx
FN:13,(anonymous_0)
FN:21,(anonymous_1)
FN:22,(anonymous_2)
FN:32,(anonymous_3)
FN:44,(anonymous_4)
FNF:5
FNH:0
FNDA:0,(anonymous_0)
FNDA:0,(anonymous_1)
FNDA:0,(anonymous_2)
FNDA:0,(anonymous_3)
FNDA:0,(anonymous_4)
DA:11,0
DA:13,0
DA:14,0
DA:15,0
DA:16,0
DA:18,0
DA:21,0
DA:22,0
DA:24,0
DA:25,0
DA:26,0
DA:29,0
DA:32,0
DA:34,0
DA:37,0
DA:38,0
DA:40,0
DA:44,0
DA:45,0
DA:48,0
DA:53,0
LF:21
LH:0
BRDA:15,0,0,0
BRDA:15,0,1,0
BRDA:25,1,0,0
BRDA:25,1,1,0
BRDA:37,2,0,0
BRDA:37,2,1,0
BRF:6
BRH:0
end_of_record
TN:
SF:src/contexts/LanguageContext.jsx
FN:5,(anonymous_0)
FN:1303,(anonymous_1)
FN:1306,(anonymous_2)
FN:1313,(anonymous_3)
FN:1320,(anonymous_4)
FNF:5
FNH:0
FNDA:0,(anonymous_0)
FNDA:0,(anonymous_1)
FNDA:0,(anonymous_2)
FNDA:0,(anonymous_3)
FNDA:0,(anonymous_4)
DA:3,0
DA:5,0
DA:6,0
DA:7,0
DA:8,0
DA:10,0
DA:13,0
DA:1303,0
DA:1304,0
DA:1306,0
DA:1307,0
DA:1308,0
DA:1309,0
DA:1313,0
DA:1314,0
DA:1315,0
DA:1316,0
DA:1320,0
DA:1321,0
DA:1324,0
DA:1331,0
LF:21
LH:0
BRDA:7,0,0,0
BRDA:7,0,1,0
BRDA:1308,1,0,0
BRDA:1308,1,1,0
BRDA:1308,2,0,0
BRDA:1308,2,1,0
BRDA:1314,3,0,0
BRDA:1314,3,1,0
BRDA:1321,4,0,0
BRDA:1321,4,1,0
BRDA:1321,4,2,0
BRF:11
BRH:0
end_of_record
TN:
SF:src/pages/AdminDashboard.jsx
FN:30,(anonymous_0)
FN:43,(anonymous_1)
FN:47,(anonymous_2)
FN:74,(anonymous_3)
FN:91,(anonymous_4)
FN:130,(anonymous_5)
FN:144,(anonymous_6)
FN:277,(anonymous_7)
FN:340,(anonymous_8)
FN:371,(anonymous_9)
FN:401,(anonymous_10)
FN:431,(anonymous_11)
FN:471,(anonymous_12)
FNF:13
FNH:0
FNDA:0,(anonymous_0)
FNDA:0,(anonymous_1)
FNDA:0,(anonymous_2)
FNDA:0,(anonymous_3)
FNDA:0,(anonymous_4)
FNDA:0,(anonymous_5)
FNDA:0,(anonymous_6)
FNDA:0,(anonymous_7)
FNDA:0,(anonymous_8)
FNDA:0,(anonymous_9)
FNDA:0,(anonymous_10)
FNDA:0,(anonymous_11)
FNDA:0,(anonymous_12)
DA:30,0
DA:31,0
DA:32,0
DA:33,0
DA:39,0
DA:40,0
DA:41,0
DA:43,0
DA:44,0
DA:47,0
DA:48,0
DA:49,0
DA:53,0
DA:59,0
DA:61,0
DA:62,0
DA:68,0
DA:70,0
DA:74,0
DA:75,0
DA:78,0
DA:81,0
DA:83,0
DA:85,0
DA:87,0
DA:91,0
DA:92,0
DA:93,0
DA:94,0
DA:96,0
DA:97,0
DA:98,0
DA:99,0
DA:100,0
DA:103,0
DA:104,0
DA:111,0
DA:130,0
DA:144,0
DA:278,0
DA:340,0
DA:371,0
DA:401,0
DA:431,0
DA:471,0
LF:45
LH:0
BRDA:54,0,0,0
BRDA:54,0,1,0
BRDA:55,1,0,0
BRDA:55,1,1,0
BRDA:56,2,0,0
BRDA:56,2,1,0
BRDA:57,3,0,0
BRDA:57,3,1,0
BRDA:59,4,0,0
BRDA:59,4,1,0
BRDA:75,5,0,0
BRDA:75,5,1,0
BRDA:75,5,2,0
BRDA:75,5,3,0
BRDA:75,5,4,0
BRDA:75,5,5,0
BRDA:75,5,6,0
BRDA:96,6,0,0
BRDA:96,6,1,0
BRDA:97,7,0,0
BRDA:97,7,1,0
BRDA:98,8,0,0
BRDA:98,8,1,0
BRDA:103,9,0,0
BRDA:103,9,1,0
BRDA:116,10,0,0
BRDA:116,10,1,0
BRDA:121,11,0,0
BRDA:121,11,1,0
BRDA:132,12,0,0
BRDA:132,12,1,0
BRDA:133,13,0,0
BRDA:133,13,1,0
BRDA:136,14,0,0
BRDA:136,14,1,0
BRDA:141,15,0,0
BRDA:141,15,1,0
BRDA:146,16,0,0
BRDA:146,16,1,0
BRDA:147,17,0,0
BRDA:147,17,1,0
BRDA:150,18,0,0
BRDA:150,18,1,0
BRDA:155,19,0,0
BRDA:155,19,1,0
BRDA:161,20,0,0
BRDA:161,20,1,0
BRDA:165,21,0,0
BRDA:165,21,1,0
BRDA:173,22,0,0
BRDA:173,22,1,0
BRDA:180,23,0,0
BRDA:180,23,1,0
BRDA:189,24,0,0
BRDA:189,24,1,0
BRDA:197,25,0,0
BRDA:197,25,1,0
BRDA:204,26,0,0
BRDA:204,26,1,0
BRDA:213,27,0,0
BRDA:213,27,1,0
BRDA:221,28,0,0
BRDA:221,28,1,0
BRDA:228,29,0,0
BRDA:228,29,1,0
BRDA:237,30,0,0
BRDA:237,30,1,0
BRDA:245,31,0,0
BRDA:245,31,1,0
BRDA:252,32,0,0
BRDA:252,32,1,0
BRDA:264,33,0,0
BRDA:264,33,1,0
BRDA:268,34,0,0
BRDA:268,34,1,0
BRDA:281,35,0,0
BRDA:281,35,1,0
BRDA:288,36,0,0
BRDA:288,36,1,0
BRDA:295,37,0,0
BRDA:295,37,1,0
BRDA:298,38,0,0
BRDA:298,38,1,0
BRDA:304,39,0,0
BRDA:304,39,1,0
BRDA:311,40,0,0
BRDA:311,40,1,0
BRDA:311,41,0,0
BRDA:311,41,1,0
BRDA:326,42,0,0
BRDA:326,42,1,0
BRDA:330,43,0,0
BRDA:330,43,1,0
BRDA:333,44,0,0
BRDA:333,44,1,0
BRDA:342,45,0,0
BRDA:342,45,1,0
BRDA:352,46,0,0
BRDA:352,46,1,0
BRDA:355,47,0,0
BRDA:355,47,1,0
BRDA:359,48,0,0
BRDA:359,48,1,0
BRDA:362,49,0,0
BRDA:362,49,1,0
BRDA:373,50,0,0
BRDA:373,50,1,0
BRDA:383,51,0,0
BRDA:383,51,1,0
BRDA:390,52,0,0
BRDA:390,52,1,0
BRDA:403,53,0,0
BRDA:403,53,1,0
BRDA:413,54,0,0
BRDA:413,54,1,0
BRDA:420,55,0,0
BRDA:420,55,1,0
BRDA:433,56,0,0
BRDA:433,56,1,0
BRDA:443,57,0,0
BRDA:443,57,1,0
BRDA:450,58,0,0
BRDA:450,58,1,0
BRDA:466,59,0,0
BRDA:466,59,1,0
BRDA:473,60,0,0
BRDA:473,60,1,0
BRF:127
BRH:0
end_of_record
TN:
SF:src/pages/Borrow.jsx
FN:16,(anonymous_0)
FN:32,(anonymous_1)
FN:37,(anonymous_2)
FN:46,(anonymous_3)
FN:50,(anonymous_4)
FN:57,(anonymous_5)
FN:66,(anonymous_6)
FN:73,(anonymous_7)
FN:78,(anonymous_8)
FN:83,(anonymous_9)
FN:100,(anonymous_10)
FN:110,(anonymous_11)
FN:137,(anonymous_12)
FN:244,(anonymous_13)
FN:281,(anonymous_14)
FN:284,(anonymous_15)
FN:332,(anonymous_16)
FN:335,(anonymous_17)
FN:462,(anonymous_18)
FNF:19
FNH:0
FNDA:0,(anonymous_0)
FNDA:0,(anonymous_1)
FNDA:0,(anonymous_2)
FNDA:0,(anonymous_3)
FNDA:0,(anonymous_4)
FNDA:0,(anonymous_5)
FNDA:0,(anonymous_6)
FNDA:0,(anonymous_7)
FNDA:0,(anonymous_8)
FNDA:0,(anonymous_9)
FNDA:0,(anonymous_10)
FNDA:0,(anonymous_11)
FNDA:0,(anonymous_12)
FNDA:0,(anonymous_13)
FNDA:0,(anonymous_14)
FNDA:0,(anonymous_15)
FNDA:0,(anonymous_16)
FNDA:0,(anonymous_17)
FNDA:0,(anonymous_18)
DA:16,0
DA:17,0
DA:18,0
DA:19,0
DA:20,0
DA:21,0
DA:22,0
DA:23,0
DA:24,0
DA:25,0
DA:26,0
DA:27,0
DA:28,0
DA:29,0
DA:30,0
DA:32,0
DA:33,0
DA:34,0
DA:37,0
DA:38,0
DA:39,0
DA:40,0
DA:42,0
DA:46,0
DA:47,0
DA:48,0
DA:49,0
DA:50,0
DA:53,0
DA:57,0
DA:60,0
DA:61,0
DA:62,0
DA:63,0
DA:66,0
DA:67,0
DA:68,0
DA:69,0
DA:73,0
DA:74,0
DA:75,0
DA:78,0
DA:79,0
DA:80,0
DA:83,0
DA:84,0
DA:85,0
DA:87,0
DA:88,0
DA:94,0
DA:97,0
DA:98,0
DA:100,0
DA:101,0
DA:104,0
DA:106,0
DA:110,0
DA:111,0
DA:112,0
DA:113,0
DA:114,0
DA:115,0
DA:116,0
DA:119,0
DA:138,0
DA:244,0
DA:282,0
DA:284,0
DA:333,0
DA:335,0
DA:462,0
LF:71
LH:0
BRDA:67,0,0,0
BRDA:67,0,1,0
BRDA:104,1,0,0
BRDA:104,1,1,0
BRDA:124,2,0,0
BRDA:124,2,1,0
BRDA:129,3,0,0
BRDA:129,3,1,0
BRDA:141,4,0,0
BRDA:141,4,1,0
BRDA:148,5,0,0
BRDA:148,5,1,0
BRDA:151,6,0,0
BRDA:151,6,1,0
BRDA:161,7,0,0
BRDA:161,7,1,0
BRDA:168,8,0,0
BRDA:168,8,1,0
BRDA:176,9,0,0
BRDA:176,9,1,0
BRDA:184,10,0,0
BRDA:184,10,1,0
BRDA:189,11,0,0
BRDA:189,11,1,0
BRDA:198,12,0,0
BRDA:198,12,1,0
BRDA:203,13,0,0
BRDA:203,13,1,0
BRDA:210,14,0,0
BRDA:210,14,1,0
BRDA:223,15,0,0
BRDA:223,15,1,0
BRDA:228,16,0,0
BRDA:228,16,1,0
BRDA:235,17,0,0
BRDA:235,17,1,0
BRDA:247,18,0,0
BRDA:247,18,1,0
BRDA:266,19,0,0
BRDA:266,19,1,0
BRDA:271,20,0,0
BRDA:271,20,1,0
BRDA:276,21,0,0
BRDA:276,21,1,0
BRDA:286,22,0,0
BRDA:286,22,1,0
BRDA:296,23,0,0
BRDA:296,23,1,0
BRDA:303,24,0,0
BRDA:303,24,1,0
BRDA:317,25,0,0
BRDA:317,25,1,0
BRDA:322,26,0,0
BRDA:322,26,1,0
BRDA:327,27,0,0
BRDA:327,27,1,0
BRDA:337,28,0,0
BRDA:337,28,1,0
BRDA:347,29,0,0
BRDA:347,29,1,0
BRDA:354,30,0,0
BRDA:354,30,1,0
BRDA:368,31,0,0
BRDA:368,31,1,0
BRDA:373,32,0,0
BRDA:373,32,1,0
BRDA:378,33,0,0
BRDA:378,33,1,0
BRDA:385,34,0,0
BRDA:385,34,1,0
BRDA:392,35,0,0
BRDA:392,35,1,0
BRDA:395,36,0,0
BRDA:395,36,1,0
BRDA:399,37,0,0
BRDA:399,37,1,0
BRDA:402,38,0,0
BRDA:402,38,1,0
BRDA:408,39,0,0
BRDA:408,39,1,0
BRDA:415,40,0,0
BRDA:415,40,1,0
BRDA:424,41,0,0
BRDA:424,41,1,0
BRDA:431,42,0,0
BRDA:431,42,1,0
BRDA:449,43,0,0
BRDA:449,43,1,0
BRDA:464,44,0,0
BRDA:464,44,1,0
BRF:90
BRH:0
end_of_record
TN:
SF:src/pages/Emprunts.jsx
FN:31,(anonymous_0)
FN:48,(anonymous_1)
FN:52,(anonymous_2)
FN:86,(anonymous_3)
FN:106,(anonymous_4)
FN:108,(anonymous_5)
FN:112,(anonymous_6)
FN:113,(anonymous_7)
FN:117,(anonymous_8)
FN:118,(anonymous_9)
FN:122,(anonymous_10)
FN:127,(anonymous_11)
FN:142,(anonymous_12)
FN:200,(anonymous_13)
FN:211,(anonymous_14)
FN:231,(anonymous_15)
FN:238,(anonymous_16)
FN:245,(anonymous_17)
FN:259,(anonymous_18)
FN:274,(anonymous_19)
FN:282,(anonymous_20)
FN:307,(anonymous_21)
FN:315,(anonymous_22)
FN:334,(anonymous_23)
FN:342,(anonymous_24)
FN:362,(anonymous_25)
FN:440,(anonymous_26)
FN:533,(anonymous_27)
FNF:28
FNH:0
FNDA:0,(anonymous_0)
FNDA:0,(anonymous_1)
FNDA:0,(anonymous_2)
FNDA:0,(anonymous_3)
FNDA:0,(anonymous_4)
FNDA:0,(anonymous_5)
FNDA:0,(anonymous_6)
FNDA:0,(anonymous_7)
FNDA:0,(anonymous_8)
FNDA:0,(anonymous_9)
FNDA:0,(anonymous_10)
FNDA:0,(anonymous_11)
FNDA:0,(anonymous_12)
FNDA:0,(anonymous_13)
FNDA:0,(anonymous_14)
FNDA:0,(anonymous_15)
FNDA:0,(anonymous_16)
FNDA:0,(anonymous_17)
FNDA:0,(anonymous_18)
FNDA:0,(anonymous_19)
FNDA:0,(anonymous_20)
FNDA:0,(anonymous_21)
FNDA:0,(anonymous_22)
FNDA:0,(anonymous_23)
FNDA:0,(anonymous_24)
FNDA:0,(anonymous_25)
FNDA:0,(anonymous_26)
FNDA:0,(anonymous_27)
DA:31,0
DA:32,0
DA:33,0
DA:34,0
DA:35,0
DA:36,0
DA:37,0
DA:38,0
DA:39,0
DA:40,0
DA:41,0
DA:42,0
DA:43,0
DA:44,0
DA:45,0
DA:46,0
DA:48,0
DA:49,0
DA:52,0
DA:53,0
DA:54,0
DA:56,0
DA:67,0
DA:68,0
DA:69,0
DA:70,0
DA:71,0
DA:72,0
DA:73,0
DA:75,0
DA:76,0
DA:77,0
DA:78,0
DA:79,0
DA:80,0
DA:82,0
DA:86,0
DA:88,0
DA:92,0
DA:93,0
DA:95,0
DA:96,0
DA:97,0
DA:100,0
DA:103,0
DA:106,0
DA:107,0
DA:108,0
DA:109,0
DA:112,0
DA:113,0
DA:114,0
DA:117,0
DA:118,0
DA:119,0
DA:122,0
DA:123,0
DA:124,0
DA:127,0
DA:128,0
DA:129,0
DA:130,0
DA:131,0
DA:133,0
DA:134,0
DA:135,0
DA:136,0
DA:138,0
DA:142,0
DA:143,0
DA:144,0
DA:151,0
DA:152,0
DA:153,0
DA:154,0
DA:158,0
DA:159,0
DA:160,0
DA:162,0
DA:163,0
DA:167,0
DA:168,0
DA:175,0
DA:200,0
DA:211,0
DA:231,0
DA:238,0
DA:245,0
DA:260,0
DA:261,0
DA:274,0
DA:282,0
DA:307,0
DA:316,0
DA:334,0
DA:343,0
DA:362,0
DA:441,0
DA:533,0
LF:99
LH:0
BRDA:68,0,0,0
BRDA:68,0,1,0
BRDA:68,0,2,0
BRDA:69,1,0,0
BRDA:69,1,1,0
BRDA:69,1,2,0
BRDA:71,2,0,0
BRDA:71,2,1,0
BRDA:71,2,2,0
BRDA:86,3,0,0
BRDA:86,3,1,0
BRDA:88,4,0,0
BRDA:88,4,1,0
BRDA:88,4,2,0
BRDA:92,5,0,0
BRDA:92,5,1,0
BRDA:93,6,0,0
BRDA:93,6,1,0
BRDA:96,7,0,0
BRDA:96,7,1,0
BRDA:103,8,0,0
BRDA:103,8,1,0
BRDA:103,8,2,0
BRDA:103,8,3,0
BRDA:107,9,0,0
BRDA:107,9,1,0
BRDA:109,10,0,0
BRDA:109,10,1,0
BRDA:114,11,0,0
BRDA:114,11,1,0
BRDA:119,12,0,0
BRDA:119,12,1,0
BRDA:133,13,0,0
BRDA:133,13,1,0
BRDA:135,14,0,0
BRDA:135,14,1,0
BRDA:167,15,0,0
BRDA:167,15,1,0
BRDA:180,16,0,0
BRDA:180,16,1,0
BRDA:185,17,0,0
BRDA:185,17,1,0
BRDA:202,18,0,0
BRDA:202,18,1,0
BRDA:213,19,0,0
BRDA:213,19,1,0
BRDA:220,20,0,0
BRDA:220,20,1,0
BRDA:289,21,0,0
BRDA:289,21,1,0
BRDA:292,22,0,0
BRDA:292,22,1,0
BRDA:300,23,0,0
BRDA:300,23,1,0
BRDA:309,24,0,0
BRDA:309,24,1,0
BRDA:327,25,0,0
BRDA:327,25,1,0
BRDA:336,26,0,0
BRDA:336,26,1,0
BRDA:354,27,0,0
BRDA:354,27,1,0
BRDA:364,28,0,0
BRDA:364,28,1,0
BRDA:376,29,0,0
BRDA:376,29,1,0
BRDA:385,30,0,0
BRDA:385,30,1,0
BRDA:390,31,0,0
BRDA:390,31,1,0
BRDA:394,32,0,0
BRDA:394,32,1,0
BRDA:398,33,0,0
BRDA:398,33,1,0
BRDA:405,34,0,0
BRDA:405,34,1,0
BRDA:412,35,0,0
BRDA:412,35,1,0
BRDA:419,36,0,0
BRDA:419,36,1,0
BRDA:426,37,0,0
BRDA:426,37,1,0
BRDA:435,38,0,0
BRDA:435,38,1,0
BRDA:444,39,0,0
BRDA:444,39,1,0
BRDA:449,40,0,0
BRDA:449,40,1,0
BRDA:459,41,0,0
BRDA:459,41,1,0
BRDA:469,42,0,0
BRDA:469,42,1,0
BRDA:479,43,0,0
BRDA:479,43,1,0
BRDA:489,44,0,0
BRDA:489,44,1,0
BRDA:494,45,0,0
BRDA:494,45,1,0
BRDA:510,46,0,0
BRDA:510,46,1,0
BRDA:515,47,0,0
BRDA:515,47,1,0
BRDA:522,48,0,0
BRDA:522,48,1,0
BRDA:535,49,0,0
BRDA:535,49,1,0
BRF:106
BRH:0
end_of_record
TN:
SF:src/pages/Items.jsx
FN:29,(anonymous_0)
FN:47,(anonymous_1)
FN:51,(anonymous_2)
FN:68,(anonymous_3)
FN:81,(anonymous_4)
FN:94,(anonymous_5)
FN:106,(anonymous_6)
FN:115,(anonymous_7)
FN:121,(anonymous_8)
FN:140,(anonymous_9)
FN:142,(anonymous_10)
FN:149,(anonymous_11)
FN:152,(anonymous_12)
FN:153,(anonymous_13)
FN:190,(anonymous_14)
FN:202,(anonymous_15)
FN:210,(anonymous_16)
FN:222,(anonymous_17)
FN:245,(anonymous_18)
FN:304,(anonymous_19)
FN:353,(anonymous_20)
FN:360,(anonymous_21)
FN:380,(anonymous_22)
FN:380,(anonymous_23)
FN:386,(anonymous_24)
FN:389,(anonymous_25)
FN:400,(anonymous_26)
FN:400,(anonymous_27)
FN:452,(anonymous_28)
FN:472,(anonymous_29)
FN:482,(anonymous_30)
FN:499,(anonymous_31)
FN:574,(anonymous_32)
FN:594,(anonymous_33)
FN:604,(anonymous_34)
FN:621,(anonymous_35)
FN:659,(anonymous_36)
FNF:37
FNH:0
FNDA:0,(anonymous_0)
FNDA:0,(anonymous_1)
FNDA:0,(anonymous_2)
FNDA:0,(anonymous_3)
FNDA:0,(anonymous_4)
FNDA:0,(anonymous_5)
FNDA:0,(anonymous_6)
FNDA:0,(anonymous_7)
FNDA:0,(anonymous_8)
FNDA:0,(anonymous_9)
FNDA:0,(anonymous_10)
FNDA:0,(anonymous_11)
FNDA:0,(anonymous_12)
FNDA:0,(anonymous_13)
FNDA:0,(anonymous_14)
FNDA:0,(anonymous_15)
FNDA:0,(anonymous_16)
FNDA:0,(anonymous_17)
FNDA:0,(anonymous_18)
FNDA:0,(anonymous_19)
FNDA:0,(anonymous_20)
FNDA:0,(anonymous_21)
FNDA:0,(anonymous_22)
FNDA:0,(anonymous_23)
FNDA:0,(anonymous_24)
FNDA:0,(anonymous_25)
FNDA:0,(anonymous_26)
FNDA:0,(anonymous_27)
FNDA:0,(anonymous_28)
FNDA:0,(anonymous_29)
FNDA:0,(anonymous_30)
FNDA:0,(anonymous_31)
FNDA:0,(anonymous_32)
FNDA:0,(anonymous_33)
FNDA:0,(anonymous_34)
FNDA:0,(anonymous_35)
FNDA:0,(anonymous_36)
DA:29,0
DA:30,0
DA:31,0
DA:32,0
DA:33,0
DA:34,0
DA:35,0
DA:36,0
DA:37,0
DA:38,0
DA:39,0
DA:44,0
DA:45,0
DA:47,0
DA:48,0
DA:51,0
DA:52,0
DA:53,0
DA:57,0
DA:58,0
DA:60,0
DA:61,0
DA:62,0
DA:64,0
DA:68,0
DA:69,0
DA:70,0
DA:71,0
DA:72,0
DA:73,0
DA:74,0
DA:76,0
DA:77,0
DA:81,0
DA:82,0
DA:83,0
DA:84,0
DA:85,0
DA:86,0
DA:87,0
DA:89,0
DA:90,0
DA:94,0
DA:95,0
DA:97,0
DA:98,0
DA:99,0
DA:101,0
DA:102,0
DA:106,0
DA:107,0
DA:108,0
DA:115,0
DA:116,0
DA:117,0
DA:118,0
DA:121,0
DA:122,0
DA:126,0
DA:127,0
DA:131,0
DA:133,0
DA:140,0
DA:141,0
DA:142,0
DA:144,0
DA:145,0
DA:146,0
DA:147,0
DA:149,0
DA:152,0
DA:153,0
DA:154,0
DA:157,0
DA:158,0
DA:165,0
DA:190,0
DA:202,0
DA:211,0
DA:223,0
DA:226,0
DA:245,0
DA:305,0
DA:353,0
DA:360,0
DA:380,0
DA:387,0
DA:389,0
DA:400,0
DA:453,0
DA:473,0
DA:483,0
DA:500,0
DA:575,0
DA:595,0
DA:605,0
DA:622,0
DA:659,0
LF:98
LH:0
BRDA:95,0,0,0
BRDA:95,0,1,0
BRDA:110,1,0,0
BRDA:110,1,1,0
BRDA:111,2,0,0
BRDA:111,2,1,0
BRDA:126,3,0,0
BRDA:126,3,1,0
BRDA:127,4,0,0
BRDA:127,4,1,0
BRDA:131,5,0,0
BRDA:131,5,1,0
BRDA:133,6,0,0
BRDA:133,6,1,0
BRDA:141,7,0,0
BRDA:141,7,1,0
BRDA:146,8,0,0
BRDA:146,8,1,0
BRDA:154,9,0,0
BRDA:154,9,1,0
BRDA:154,10,0,0
BRDA:154,10,1,0
BRDA:157,11,0,0
BRDA:157,11,1,0
BRDA:170,12,0,0
BRDA:170,12,1,0
BRDA:175,13,0,0
BRDA:175,13,1,0
BRDA:192,14,0,0
BRDA:192,14,1,0
BRDA:204,15,0,0
BRDA:204,15,1,0
BRDA:212,16,0,0
BRDA:212,16,1,0
BRDA:224,17,0,0
BRDA:224,17,1,0
BRDA:229,18,0,0
BRDA:229,18,1,0
BRDA:254,19,0,0
BRDA:254,19,1,0
BRDA:255,20,0,0
BRDA:255,20,1,0
BRDA:260,21,0,0
BRDA:260,21,1,0
BRDA:265,22,0,0
BRDA:265,22,1,0
BRDA:266,23,0,0
BRDA:266,23,1,0
BRDA:266,24,0,0
BRDA:266,24,1,0
BRDA:274,25,0,0
BRDA:274,25,1,0
BRDA:278,26,0,0
BRDA:278,26,1,0
BRDA:285,27,0,0
BRDA:285,27,1,0
BRDA:292,28,0,0
BRDA:292,28,1,0
BRDA:301,29,0,0
BRDA:301,29,1,0
BRDA:308,30,0,0
BRDA:308,30,1,0
BRDA:323,31,0,0
BRDA:323,31,1,0
BRDA:330,32,0,0
BRDA:330,32,1,0
BRDA:343,33,0,0
BRDA:343,33,1,0
BRDA:377,34,0,0
BRDA:377,34,1,0
BRDA:377,34,2,0
BRDA:391,35,0,0
BRDA:391,35,1,0
BRDA:413,36,0,0
BRDA:413,36,1,0
BRDA:417,37,0,0
BRDA:417,37,1,0
BRDA:423,38,0,0
BRDA:423,38,1,0
BRDA:431,39,0,0
BRDA:431,39,1,0
BRDA:443,40,0,0
BRDA:443,40,1,0
BRDA:456,41,0,0
BRDA:456,41,1,0
BRDA:465,42,0,0
BRDA:465,42,1,0
BRDA:476,43,0,0
BRDA:476,43,1,0
BRDA:484,44,0,0
BRDA:484,44,1,0
BRDA:492,45,0,0
BRDA:492,45,1,0
BRDA:504,46,0,0
BRDA:504,46,1,0
BRDA:515,47,0,0
BRDA:515,47,1,0
BRDA:535,48,0,0
BRDA:535,48,1,0
BRDA:539,49,0,0
BRDA:539,49,1,0
BRDA:545,50,0,0
BRDA:545,50,1,0
BRDA:553,51,0,0
BRDA:553,51,1,0
BRDA:565,52,0,0
BRDA:565,52,1,0
BRDA:578,53,0,0
BRDA:578,53,1,0
BRDA:587,54,0,0
BRDA:587,54,1,0
BRDA:598,55,0,0
BRDA:598,55,1,0
BRDA:606,56,0,0
BRDA:606,56,1,0
BRDA:614,57,0,0
BRDA:614,57,1,0
BRDA:626,58,0,0
BRDA:626,58,1,0
BRDA:637,59,0,0
BRDA:637,59,1,0
BRDA:661,60,0,0
BRDA:661,60,1,0
BRF:123
BRH:0
end_of_record
TN:
SF:src/pages/Lockers.jsx
FN:32,(anonymous_0)
FN:53,(anonymous_1)
FN:57,(anonymous_2)
FN:74,(anonymous_3)
FN:87,(anonymous_4)
FN:100,(anonymous_5)
FN:112,(anonymous_6)
FN:122,(anonymous_7)
FN:134,(anonymous_8)
FN:145,(anonymous_9)
FN:157,(anonymous_10)
FN:179,(anonymous_11)
FN:181,(anonymous_12)
FN:191,(anonymous_13)
FN:194,(anonymous_14)
FN:195,(anonymous_15)
FN:198,(anonymous_16)
FN:263,(anonymous_17)
FN:276,(anonymous_18)
FN:298,(anonymous_19)
FN:362,(anonymous_20)
FN:415,(anonymous_21)
FN:422,(anonymous_22)
FN:429,(anonymous_23)
FN:437,(anonymous_24)
FN:458,(anonymous_25)
FN:458,(anonymous_26)
FN:464,(anonymous_27)
FN:467,(anonymous_28)
FN:478,(anonymous_29)
FN:478,(anonymous_30)
FN:530,(anonymous_31)
FN:551,(anonymous_32)
FN:572,(anonymous_33)
FN:656,(anonymous_34)
FN:677,(anonymous_35)
FN:698,(anonymous_36)
FN:750,(anonymous_37)
FN:784,(anonymous_38)
FN:833,(anonymous_39)
FNF:40
FNH:0
FNDA:0,(anonymous_0)
FNDA:0,(anonymous_1)
FNDA:0,(anonymous_2)
FNDA:0,(anonymous_3)
FNDA:0,(anonymous_4)
FNDA:0,(anonymous_5)
FNDA:0,(anonymous_6)
FNDA:0,(anonymous_7)
FNDA:0,(anonymous_8)
FNDA:0,(anonymous_9)
FNDA:0,(anonymous_10)
FNDA:0,(anonymous_11)
FNDA:0,(anonymous_12)
FNDA:0,(anonymous_13)
FNDA:0,(anonymous_14)
FNDA:0,(anonymous_15)
FNDA:0,(anonymous_16)
FNDA:0,(anonymous_17)
FNDA:0,(anonymous_18)
FNDA:0,(anonymous_19)
FNDA:0,(anonymous_20)
FNDA:0,(anonymous_21)
FNDA:0,(anonymous_22)
FNDA:0,(anonymous_23)
FNDA:0,(anonymous_24)
FNDA:0,(anonymous_25)
FNDA:0,(anonymous_26)
FNDA:0,(anonymous_27)
FNDA:0,(anonymous_28)
FNDA:0,(anonymous_29)
FNDA:0,(anonymous_30)
FNDA:0,(anonymous_31)
FNDA:0,(anonymous_32)
FNDA:0,(anonymous_33)
FNDA:0,(anonymous_34)
FNDA:0,(anonymous_35)
FNDA:0,(anonymous_36)
FNDA:0,(anonymous_37)
FNDA:0,(anonymous_38)
FNDA:0,(anonymous_39)
DA:32,0
DA:33,0
DA:34,0
DA:35,0
DA:36,0
DA:37,0
DA:38,0
DA:39,0
DA:40,0
DA:41,0
DA:42,0
DA:50,0
DA:51,0
DA:53,0
DA:54,0
DA:57,0
DA:58,0
DA:59,0
DA:63,0
DA:64,0
DA:66,0
DA:67,0
DA:68,0
DA:70,0
DA:74,0
DA:75,0
DA:76,0
DA:77,0
DA:78,0
DA:79,0
DA:80,0
DA:82,0
DA:83,0
DA:87,0
DA:88,0
DA:89,0
DA:90,0
DA:91,0
DA:92,0
DA:93,0
DA:95,0
DA:96,0
DA:100,0
DA:101,0
DA:103,0
DA:104,0
DA:105,0
DA:107,0
DA:108,0
DA:112,0
DA:113,0
DA:114,0
DA:115,0
DA:117,0
DA:118,0
DA:122,0
DA:123,0
DA:124,0
DA:125,0
DA:129,0
DA:130,0
DA:134,0
DA:135,0
DA:136,0
DA:145,0
DA:146,0
DA:147,0
DA:148,0
DA:157,0
DA:158,0
DA:159,0
DA:163,0
DA:164,0
DA:169,0
DA:171,0
DA:179,0
DA:180,0
DA:181,0
DA:184,0
DA:185,0
DA:187,0
DA:188,0
DA:191,0
DA:194,0
DA:195,0
DA:198,0
DA:199,0
DA:217,0
DA:219,0
DA:229,0
DA:230,0
DA:237,0
DA:263,0
DA:277,0
DA:280,0
DA:298,0
DA:363,0
DA:364,0
DA:415,0
DA:422,0
DA:429,0
DA:437,0
DA:458,0
DA:465,0
DA:467,0
DA:478,0
DA:531,0
DA:552,0
DA:573,0
DA:657,0
DA:678,0
DA:699,0
DA:751,0
DA:785,0
DA:833,0
LF:115
LH:0
BRDA:101,0,0,0
BRDA:101,0,1,0
BRDA:126,1,0,0
BRDA:126,1,1,0
BRDA:137,2,0,0
BRDA:137,2,1,0
BRDA:138,3,0,0
BRDA:138,3,1,0
BRDA:139,4,0,0
BRDA:139,4,1,0
BRDA:140,5,0,0
BRDA:140,5,1,0
BRDA:141,6,0,0
BRDA:141,6,1,0
BRDA:158,7,0,0
BRDA:158,7,1,0
BRDA:158,7,2,0
BRDA:163,8,0,0
BRDA:163,8,1,0
BRDA:164,9,0,0
BRDA:164,9,1,0
BRDA:169,10,0,0
BRDA:169,10,1,0
BRDA:171,11,0,0
BRDA:171,11,1,0
BRDA:180,12,0,0
BRDA:180,12,1,0
BRDA:187,13,0,0
BRDA:187,13,1,0
BRDA:217,14,0,0
BRDA:217,14,1,0
BRDA:229,15,0,0
BRDA:229,15,1,0
BRDA:243,16,0,0
BRDA:243,16,1,0
BRDA:248,17,0,0
BRDA:248,17,1,0
BRDA:265,18,0,0
BRDA:265,18,1,0
BRDA:278,19,0,0
BRDA:278,19,1,0
BRDA:283,20,0,0
BRDA:283,20,1,0
BRDA:307,21,0,0
BRDA:307,21,1,0
BRDA:308,22,0,0
BRDA:308,22,1,0
BRDA:313,23,0,0
BRDA:313,23,1,0
BRDA:318,24,0,0
BRDA:318,24,1,0
BRDA:325,25,0,0
BRDA:325,25,1,0
BRDA:329,26,0,0
BRDA:329,26,1,0
BRDA:336,27,0,0
BRDA:336,27,1,0
BRDA:343,28,0,0
BRDA:343,28,1,0
BRDA:350,29,0,0
BRDA:350,29,1,0
BRDA:359,30,0,0
BRDA:359,30,1,0
BRDA:368,31,0,0
BRDA:368,31,1,0
BRDA:383,32,0,0
BRDA:383,32,1,0
BRDA:386,33,0,0
BRDA:386,33,1,0
BRDA:390,34,0,0
BRDA:390,34,1,0
BRDA:401,35,0,0
BRDA:401,35,1,0
BRDA:404,36,0,0
BRDA:404,36,1,0
BRDA:404,36,2,0
BRDA:455,37,0,0
BRDA:455,37,1,0
BRDA:455,37,2,0
BRDA:469,38,0,0
BRDA:469,38,1,0
BRDA:491,39,0,0
BRDA:491,39,1,0
BRDA:495,40,0,0
BRDA:495,40,1,0
BRDA:501,41,0,0
BRDA:501,41,1,0
BRDA:509,42,0,0
BRDA:509,42,1,0
BRDA:521,43,0,0
BRDA:521,43,1,0
BRDA:534,44,0,0
BRDA:534,44,1,0
BRDA:543,45,0,0
BRDA:543,45,1,0
BRDA:546,46,0,0
BRDA:546,46,1,0
BRDA:556,47,0,0
BRDA:556,47,1,0
BRDA:565,48,0,0
BRDA:565,48,1,0
BRDA:568,49,0,0
BRDA:568,49,1,0
BRDA:576,50,0,0
BRDA:576,50,1,0
BRDA:582,51,0,0
BRDA:582,51,1,0
BRDA:585,52,0,0
BRDA:585,52,1,0
BRDA:588,53,0,0
BRDA:588,53,1,0
BRDA:597,54,0,0
BRDA:597,54,1,0
BRDA:617,55,0,0
BRDA:617,55,1,0
BRDA:621,56,0,0
BRDA:621,56,1,0
BRDA:627,57,0,0
BRDA:627,57,1,0
BRDA:635,58,0,0
BRDA:635,58,1,0
BRDA:647,59,0,0
BRDA:647,59,1,0
BRDA:660,60,0,0
BRDA:660,60,1,0
BRDA:669,61,0,0
BRDA:669,61,1,0
BRDA:672,62,0,0
BRDA:672,62,1,0
BRDA:682,63,0,0
BRDA:682,63,1,0
BRDA:691,64,0,0
BRDA:691,64,1,0
BRDA:702,65,0,0
BRDA:702,65,1,0
BRDA:708,66,0,0
BRDA:708,66,1,0
BRDA:711,67,0,0
BRDA:711,67,1,0
BRDA:714,68,0,0
BRDA:714,68,1,0
BRDA:723,69,0,0
BRDA:723,69,1,0
BRDA:730,70,0,0
BRDA:730,70,1,0
BRDA:740,71,0,0
BRDA:740,71,1,0
BRDA:753,72,0,0
BRDA:753,72,1,0
BRDA:757,73,0,0
BRDA:757,73,1,0
BRDA:764,74,0,0
BRDA:764,74,1,0
BRDA:774,75,0,0
BRDA:774,75,1,0
BRDA:787,76,0,0
BRDA:787,76,1,0
BRDA:791,77,0,0
BRDA:791,77,1,0
BRDA:798,78,0,0
BRDA:798,78,1,0
BRDA:811,79,0,0
BRDA:811,79,1,0
BRDA:835,80,0,0
BRDA:835,80,1,0
BRF:165
BRH:0
end_of_record
TN:
SF:src/pages/Login.jsx
FN:8,(anonymous_0)
FN:38,(anonymous_1)
FN:68,(anonymous_2)
FN:78,(anonymous_3)
FN:81,(anonymous_4)
FN:144,(anonymous_5)
FN:168,(anonymous_6)
FN:175,(anonymous_7)
FNF:8
FNH:0
FNDA:0,(anonymous_0)
FNDA:0,(anonymous_1)
FNDA:0,(anonymous_2)
FNDA:0,(anonymous_3)
FNDA:0,(anonymous_4)
FNDA:0,(anonymous_5)
FNDA:0,(anonymous_6)
FNDA:0,(anonymous_7)
DA:8,0
DA:9,0
DA:10,0
DA:11,0
DA:12,0
DA:13,0
DA:14,0
DA:16,0
DA:18,0
DA:20,0
DA:21,0
DA:22,0
DA:24,0
DA:31,0
DA:38,0
DA:39,0
DA:40,0
DA:41,0
DA:43,0
DA:44,0
DA:45,0
DA:46,0
DA:49,0
DA:50,0
DA:52,0
DA:53,0
DA:55,0
DA:58,0
DA:61,0
DA:68,0
DA:79,0
DA:82,0
DA:83,0
DA:144,0
DA:168,0
DA:175,0
LF:36
LH:0
BRDA:43,0,0,0
BRDA:43,0,1,0
BRDA:43,1,0,0
BRDA:43,1,1,0
BRDA:52,2,0,0
BRDA:52,2,1,0
BRDA:76,3,0,0
BRDA:76,3,1,0
BRDA:86,4,0,0
BRDA:86,4,1,0
BRDA:116,5,0,0
BRDA:116,5,1,0
BRDA:119,6,0,0
BRDA:119,6,1,0
BRDA:165,7,0,0
BRDA:165,7,1,0
BRDA:177,8,0,0
BRDA:177,8,1,0
BRDA:191,9,0,0
BRDA:191,9,1,0
BRF:20
BRH:0
end_of_record
TN:
SF:src/pages/Logs.jsx
FN:31,(anonymous_0)
FN:48,(anonymous_1)
FN:52,(anonymous_2)
FN:84,(anonymous_3)
FN:102,(anonymous_4)
FN:104,(anonymous_5)
FN:108,(anonymous_6)
FN:109,(anonymous_7)
FN:113,(anonymous_8)
FN:114,(anonymous_9)
FN:118,(anonymous_10)
FN:133,(anonymous_11)
FN:165,(anonymous_12)
FN:177,(anonymous_13)
FN:235,(anonymous_14)
FN:247,(anonymous_15)
FN:263,(anonymous_16)
FN:278,(anonymous_17)
FN:285,(anonymous_18)
FN:292,(anonymous_19)
FN:306,(anonymous_20)
FN:325,(anonymous_21)
FN:333,(anonymous_22)
FN:359,(anonymous_23)
FN:367,(anonymous_24)
FN:385,(anonymous_25)
FN:395,(anonymous_26)
FN:474,(anonymous_27)
FN:556,(anonymous_28)
FNF:29
FNH:0
FNDA:0,(anonymous_0)
FNDA:0,(anonymous_1)
FNDA:0,(anonymous_2)
FNDA:0,(anonymous_3)
FNDA:0,(anonymous_4)
FNDA:0,(anonymous_5)
FNDA:0,(anonymous_6)
FNDA:0,(anonymous_7)
FNDA:0,(anonymous_8)
FNDA:0,(anonymous_9)
FNDA:0,(anonymous_10)
FNDA:0,(anonymous_11)
FNDA:0,(anonymous_12)
FNDA:0,(anonymous_13)
FNDA:0,(anonymous_14)
FNDA:0,(anonymous_15)
FNDA:0,(anonymous_16)
FNDA:0,(anonymous_17)
FNDA:0,(anonymous_18)
FNDA:0,(anonymous_19)
FNDA:0,(anonymous_20)
FNDA:0,(anonymous_21)
FNDA:0,(anonymous_22)
FNDA:0,(anonymous_23)
FNDA:0,(anonymous_24)
FNDA:0,(anonymous_25)
FNDA:0,(anonymous_26)
FNDA:0,(anonymous_27)
FNDA:0,(anonymous_28)
DA:31,0
DA:32,0
DA:33,0
DA:34,0
DA:35,0
DA:36,0
DA:37,0
DA:38,0
DA:39,0
DA:40,0
DA:41,0
DA:42,0
DA:43,0
DA:44,0
DA:45,0
DA:46,0
DA:48,0
DA:49,0
DA:52,0
DA:53,0
DA:54,0
DA:56,0
DA:65,0
DA:66,0
DA:67,0
DA:68,0
DA:69,0
DA:70,0
DA:71,0
DA:73,0
DA:74,0
DA:75,0
DA:76,0
DA:77,0
DA:78,0
DA:80,0
DA:84,0
DA:86,0
DA:90,0
DA:91,0
DA:93,0
DA:94,0
DA:95,0
DA:96,0
DA:99,0
DA:102,0
DA:103,0
DA:104,0
DA:105,0
DA:108,0
DA:109,0
DA:110,0
DA:113,0
DA:114,0
DA:115,0
DA:118,0
DA:119,0
DA:121,0
DA:123,0
DA:125,0
DA:127,0
DA:129,0
DA:133,0
DA:134,0
DA:153,0
DA:155,0
DA:165,0
DA:166,0
DA:167,0
DA:168,0
DA:170,0
DA:171,0
DA:172,0
DA:173,0
DA:174,0
DA:177,0
DA:178,0
DA:179,0
DA:186,0
DA:187,0
DA:188,0
DA:189,0
DA:193,0
DA:194,0
DA:195,0
DA:197,0
DA:198,0
DA:202,0
DA:203,0
DA:210,0
DA:235,0
DA:247,0
DA:263,0
DA:278,0
DA:285,0
DA:292,0
DA:307,0
DA:308,0
DA:325,0
DA:333,0
DA:359,0
DA:368,0
DA:385,0
DA:396,0
DA:397,0
DA:398,0
DA:475,0
DA:556,0
LF:108
LH:0
BRDA:66,0,0,0
BRDA:66,0,1,0
BRDA:66,0,2,0
BRDA:66,0,3,0
BRDA:67,1,0,0
BRDA:67,1,1,0
BRDA:67,1,2,0
BRDA:69,2,0,0
BRDA:69,2,1,0
BRDA:69,2,2,0
BRDA:84,3,0,0
BRDA:84,3,1,0
BRDA:86,4,0,0
BRDA:86,4,1,0
BRDA:90,5,0,0
BRDA:90,5,1,0
BRDA:91,6,0,0
BRDA:91,6,1,0
BRDA:94,7,0,0
BRDA:94,7,1,0
BRDA:99,8,0,0
BRDA:99,8,1,0
BRDA:99,8,2,0
BRDA:99,8,3,0
BRDA:103,9,0,0
BRDA:103,9,1,0
BRDA:105,10,0,0
BRDA:105,10,1,0
BRDA:109,11,0,0
BRDA:109,11,1,0
BRDA:110,12,0,0
BRDA:110,12,1,0
BRDA:114,13,0,0
BRDA:114,13,1,0
BRDA:115,14,0,0
BRDA:115,14,1,0
BRDA:119,15,0,0
BRDA:119,15,1,0
BRDA:119,15,2,0
BRDA:119,15,3,0
BRDA:119,15,4,0
BRDA:153,16,0,0
BRDA:153,16,1,0
BRDA:170,17,0,0
BRDA:170,17,1,0
BRDA:171,18,0,0
BRDA:171,18,1,0
BRDA:172,19,0,0
BRDA:172,19,1,0
BRDA:202,20,0,0
BRDA:202,20,1,0
BRDA:215,21,0,0
BRDA:215,21,1,0
BRDA:220,22,0,0
BRDA:220,22,1,0
BRDA:237,23,0,0
BRDA:237,23,1,0
BRDA:249,24,0,0
BRDA:249,24,1,0
BRDA:265,25,0,0
BRDA:265,25,1,0
BRDA:311,26,0,0
BRDA:311,26,1,0
BRDA:340,27,0,0
BRDA:340,27,1,0
BRDA:343,28,0,0
BRDA:343,28,1,0
BRDA:352,29,0,0
BRDA:352,29,1,0
BRDA:361,30,0,0
BRDA:361,30,1,0
BRDA:377,31,0,0
BRDA:377,31,1,0
BRDA:387,32,0,0
BRDA:387,32,1,0
BRDA:401,33,0,0
BRDA:401,33,1,0
BRDA:414,34,0,0
BRDA:414,34,1,0
BRDA:415,35,0,0
BRDA:415,35,1,0
BRDA:420,36,0,0
BRDA:420,36,1,0
BRDA:425,37,0,0
BRDA:425,37,1,0
BRDA:426,38,0,0
BRDA:426,38,1,0
BRDA:426,39,0,0
BRDA:426,39,1,0
BRDA:426,39,2,0
BRDA:426,39,3,0
BRDA:437,40,0,0
BRDA:437,40,1,0
BRDA:441,41,0,0
BRDA:441,41,1,0
BRDA:444,42,0,0
BRDA:444,42,1,0
BRDA:448,43,0,0
BRDA:448,43,1,0
BRDA:451,44,0,0
BRDA:451,44,1,0
BRDA:455,45,0,0
BRDA:455,45,1,0
BRDA:458,46,0,0
BRDA:458,46,1,0
BRDA:462,47,0,0
BRDA:462,47,1,0
BRDA:465,48,0,0
BRDA:465,48,1,0
BRDA:471,49,0,0
BRDA:471,49,1,0
BRDA:478,50,0,0
BRDA:478,50,1,0
BRDA:496,51,0,0
BRDA:496,51,1,0
BRDA:507,52,0,0
BRDA:507,52,1,0
BRDA:510,53,0,0
BRDA:510,53,1,0
BRDA:512,54,0,0
BRDA:512,54,1,0
BRDA:512,54,2,0
BRDA:515,55,0,0
BRDA:515,55,1,0
BRDA:518,56,0,0
BRDA:518,56,1,0
BRDA:524,57,0,0
BRDA:524,57,1,0
BRDA:538,58,0,0
BRDA:538,58,1,0
BRDA:558,59,0,0
BRDA:558,59,1,0
BRF:132
BRH:0
end_of_record
TN:
SF:src/pages/MainMenu.jsx
FN:20,(anonymous_0)
FN:31,(anonymous_1)
FN:34,(anonymous_2)
FN:42,(anonymous_3)
FN:168,(anonymous_4)
FNF:5
FNH:0
FNDA:0,(anonymous_0)
FNDA:0,(anonymous_1)
FNDA:0,(anonymous_2)
FNDA:0,(anonymous_3)
FNDA:0,(anonymous_4)
DA:20,0
DA:21,0
DA:22,0
DA:23,0
DA:24,0
DA:31,0
DA:32,0
DA:33,0
DA:35,0
DA:43,0
DA:44,0
DA:54,0
DA:141,0
DA:169,0
DA:170,0
LF:15
LH:0
BRDA:32,0,0,0
BRDA:32,0,1,0
BRDA:32,1,0,0
BRDA:32,1,1,0
BRDA:36,2,0,0
BRDA:36,2,1,0
BRDA:37,3,0,0
BRDA:37,3,1,0
BRDA:38,4,0,0
BRDA:38,4,1,0
BRDA:39,5,0,0
BRDA:39,5,1,0
BRDA:71,6,0,0
BRDA:71,6,1,0
BRDA:71,7,0,0
BRDA:71,7,1,0
BRDA:152,8,0,0
BRDA:152,8,1,0
BRDA:155,9,0,0
BRDA:155,9,1,0
BRDA:159,10,0,0
BRDA:159,10,1,0
BRDA:180,11,0,0
BRDA:180,11,1,0
BRDA:187,12,0,0
BRDA:187,12,1,0
BRDA:209,13,0,0
BRDA:209,13,1,0
BRDA:209,13,2,0
BRDA:213,14,0,0
BRDA:213,14,1,0
BRDA:224,15,0,0
BRDA:224,15,1,0
BRDA:234,16,0,0
BRDA:234,16,1,0
BRDA:244,17,0,0
BRDA:244,17,1,0
BRDA:254,18,0,0
BRDA:254,18,1,0
BRF:39
BRH:0
end_of_record
TN:
SF:src/pages/Payments.jsx
FN:31,(anonymous_0)
FN:44,(anonymous_1)
FN:48,(anonymous_2)
FN:59,(anonymous_3)
FN:63,(anonymous_4)
FN:79,(anonymous_5)
FN:91,(anonymous_6)
FN:118,(anonymous_7)
FN:123,(anonymous_8)
FN:134,(anonymous_9)
FN:203,(anonymous_10)
FN:223,(anonymous_11)
FN:235,(anonymous_12)
FN:253,(anonymous_13)
FN:263,(anonymous_14)
FN:270,(anonymous_15)
FN:277,(anonymous_16)
FN:354,(anonymous_17)
FN:442,(anonymous_18)
FN:467,(anonymous_19)
FN:478,(anonymous_20)
FN:502,(anonymous_21)
FNF:22
FNH:0
FNDA:0,(anonymous_0)
FNDA:0,(anonymous_1)
FNDA:0,(anonymous_2)
FNDA:0,(anonymous_3)
FNDA:0,(anonymous_4)
FNDA:0,(anonymous_5)
FNDA:0,(anonymous_6)
FNDA:0,(anonymous_7)
FNDA:0,(anonymous_8)
FNDA:0,(anonymous_9)
FNDA:0,(anonymous_10)
FNDA:0,(anonymous_11)
FNDA:0,(anonymous_12)
FNDA:0,(anonymous_13)
FNDA:0,(anonymous_14)
FNDA:0,(anonymous_15)
FNDA:0,(anonymous_16)
FNDA:0,(anonymous_17)
FNDA:0,(anonymous_18)
FNDA:0,(anonymous_19)
FNDA:0,(anonymous_20)
FNDA:0,(anonymous_21)
DA:31,0
DA:32,0
DA:33,0
DA:34,0
DA:35,0
DA:36,0
DA:37,0
DA:38,0
DA:39,0
DA:40,0
DA:41,0
DA:42,0
DA:44,0
DA:45,0
DA:48,0
DA:49,0
DA:50,0
DA:52,0
DA:53,0
DA:56,0
DA:59,0
DA:60,0
DA:63,0
DA:64,0
DA:65,0
DA:67,0
DA:69,0
DA:72,0
DA:73,0
DA:75,0
DA:79,0
DA:81,0
DA:86,0
DA:88,0
DA:91,0
DA:92,0
DA:107,0
DA:109,0
DA:118,0
DA:119,0
DA:120,0
DA:123,0
DA:124,0
DA:126,0
DA:127,0
DA:129,0
DA:130,0
DA:134,0
DA:135,0
DA:136,0
DA:138,0
DA:139,0
DA:140,0
DA:141,0
DA:143,0
DA:144,0
DA:148,0
DA:149,0
DA:156,0
DA:203,0
DA:223,0
DA:235,0
DA:253,0
DA:263,0
DA:270,0
DA:277,0
DA:355,0
DA:442,0
DA:467,0
DA:478,0
DA:502,0
LF:71
LH:0
BRDA:50,0,0,0
BRDA:50,0,1,0
BRDA:53,1,0,0
BRDA:53,1,1,0
BRDA:59,2,0,0
BRDA:59,2,1,0
BRDA:64,3,0,0
BRDA:64,3,1,0
BRDA:81,4,0,0
BRDA:81,4,1,0
BRDA:81,4,2,0
BRDA:86,5,0,0
BRDA:86,5,1,0
BRDA:88,6,0,0
BRDA:88,6,1,0
BRDA:95,7,0,0
BRDA:95,7,1,0
BRDA:99,8,0,0
BRDA:99,8,1,0
BRDA:103,9,0,0
BRDA:103,9,1,0
BRDA:107,10,0,0
BRDA:107,10,1,0
BRDA:130,11,0,0
BRDA:130,11,1,0
BRDA:144,12,0,0
BRDA:144,12,1,0
BRDA:148,13,0,0
BRDA:148,13,1,0
BRDA:161,14,0,0
BRDA:161,14,1,0
BRDA:164,15,0,0
BRDA:164,15,1,0
BRDA:165,16,0,0
BRDA:165,16,1,0
BRDA:166,17,0,0
BRDA:166,17,1,0
BRDA:168,18,0,0
BRDA:168,18,1,0
BRDA:169,19,0,0
BRDA:169,19,1,0
BRDA:170,20,0,0
BRDA:170,20,1,0
BRDA:172,21,0,0
BRDA:172,21,1,0
BRDA:178,22,0,0
BRDA:178,22,1,0
BRDA:181,23,0,0
BRDA:181,23,1,0
BRDA:192,24,0,0
BRDA:192,24,1,0
BRDA:195,25,0,0
BRDA:195,25,1,0
BRDA:207,26,0,0
BRDA:207,26,1,0
BRDA:221,27,0,0
BRDA:221,27,1,0
BRDA:225,28,0,0
BRDA:225,28,1,0
BRDA:237,29,0,0
BRDA:237,29,1,0
BRDA:242,30,0,0
BRDA:242,30,1,0
BRDA:243,31,0,0
BRDA:243,31,1,0
BRDA:244,32,0,0
BRDA:244,32,1,0
BRDA:245,33,0,0
BRDA:245,33,1,0
BRDA:251,34,0,0
BRDA:251,34,1,0
BRDA:257,35,0,0
BRDA:257,35,1,0
BRDA:260,36,0,0
BRDA:260,36,1,0
BRDA:267,37,0,0
BRDA:267,37,1,0
BRDA:289,38,0,0
BRDA:289,38,1,0
BRDA:290,39,0,0
BRDA:290,39,1,0
BRDA:295,40,0,0
BRDA:295,40,1,0
BRDA:298,41,0,0
BRDA:298,41,1,0
BRDA:300,42,0,0
BRDA:300,42,1,0
BRDA:301,43,0,0
BRDA:301,43,1,0
BRDA:301,44,0,0
BRDA:301,44,1,0
BRDA:302,45,0,0
BRDA:302,45,1,0
BRDA:304,46,0,0
BRDA:304,46,1,0
BRDA:310,47,0,0
BRDA:310,47,1,0
BRDA:314,48,0,0
BRDA:314,48,1,0
BRDA:317,49,0,0
BRDA:317,49,1,0
BRDA:321,50,0,0
BRDA:321,50,1,0
BRDA:324,51,0,0
BRDA:324,51,1,0
BRDA:328,52,0,0
BRDA:328,52,1,0
BRDA:331,53,0,0
BRDA:331,53,1,0
BRDA:335,54,0,0
BRDA:335,54,1,0
BRDA:338,55,0,0
BRDA:338,55,1,0
BRDA:342,56,0,0
BRDA:342,56,1,0
BRDA:345,57,0,0
BRDA:345,57,1,0
BRDA:351,58,0,0
BRDA:351,58,1,0
BRDA:358,59,0,0
BRDA:358,59,1,0
BRDA:373,60,0,0
BRDA:373,60,1,0
BRDA:384,61,0,0
BRDA:384,61,1,0
BRDA:395,62,0,0
BRDA:395,62,1,0
BRDA:410,63,0,0
BRDA:410,63,1,0
BRDA:426,64,0,0
BRDA:426,64,1,0
BRDA:430,65,0,0
BRDA:430,65,1,0
BRDA:436,66,0,0
BRDA:436,66,1,0
BRDA:439,67,0,0
BRDA:439,67,1,0
BRDA:444,68,0,0
BRDA:444,68,1,0
BRDA:456,69,0,0
BRDA:456,69,1,0
BRDA:459,70,0,0
BRDA:459,70,1,0
BRDA:469,71,0,0
BRDA:469,71,1,0
BRDA:480,72,0,0
BRDA:480,72,1,0
BRDA:485,73,0,0
BRDA:485,73,1,0
BRDA:491,74,0,0
BRDA:491,74,1,0
BRDA:504,75,0,0
BRDA:504,75,1,0
BRF:153
BRH:0
end_of_record
TN:
SF:src/pages/Register.jsx
FN:29,(anonymous_0)
FN:57,(anonymous_1)
FN:69,(anonymous_2)
FN:74,(anonymous_3)
FN:80,(anonymous_4)
FN:82,(anonymous_5)
FN:95,(anonymous_6)
FN:163,(anonymous_7)
FN:178,(anonymous_8)
FN:206,(anonymous_9)
FN:216,(anonymous_10)
FN:219,(anonymous_11)
FN:419,(anonymous_12)
FN:454,(anonymous_13)
FN:489,(anonymous_14)
FNF:15
FNH:0
FNDA:0,(anonymous_0)
FNDA:0,(anonymous_1)
FNDA:0,(anonymous_2)
FNDA:0,(anonymous_3)
FNDA:0,(anonymous_4)
FNDA:0,(anonymous_5)
FNDA:0,(anonymous_6)
FNDA:0,(anonymous_7)
FNDA:0,(anonymous_8)
FNDA:0,(anonymous_9)
FNDA:0,(anonymous_10)
FNDA:0,(anonymous_11)
FNDA:0,(anonymous_12)
FNDA:0,(anonymous_13)
FNDA:0,(anonymous_14)
DA:29,0
DA:31,0
DA:32,0
DA:33,0
DA:34,0
DA:35,0
DA:44,0
DA:45,0
DA:46,0
DA:47,0
DA:48,0
DA:49,0
DA:57,0
DA:58,0
DA:65,0
DA:66,0
DA:69,0
DA:71,0
DA:72,0
DA:73,0
DA:74,0
DA:80,0
DA:81,0
DA:82,0
DA:87,0
DA:88,0
DA:92,0
DA:95,0
DA:96,0
DA:97,0
DA:98,0
DA:99,0
DA:102,0
DA:108,0
DA:109,0
DA:110,0
DA:113,0
DA:114,0
DA:115,0
DA:116,0
DA:119,0
DA:120,0
DA:123,0
DA:124,0
DA:128,0
DA:129,0
DA:130,0
DA:131,0
DA:132,0
DA:135,0
DA:136,0
DA:146,0
DA:152,0
DA:163,0
DA:164,0
DA:167,0
DA:168,0
DA:174,0
DA:178,0
DA:179,0
DA:180,0
DA:181,0
DA:182,0
DA:185,0
DA:192,0
DA:199,0
DA:206,0
DA:217,0
DA:220,0
DA:221,0
DA:419,0
DA:455,0
DA:490,0
LF:73
LH:0
BRDA:87,0,0,0
BRDA:87,0,1,0
BRDA:92,1,0,0
BRDA:92,1,1,0
BRDA:102,2,0,0
BRDA:102,2,1,0
BRDA:103,3,0,0
BRDA:103,3,1,0
BRDA:103,3,2,0
BRDA:103,3,3,0
BRDA:108,4,0,0
BRDA:108,4,1,0
BRDA:113,5,0,0
BRDA:113,5,1,0
BRDA:114,6,0,0
BRDA:114,6,1,0
BRDA:119,7,0,0
BRDA:119,7,1,0
BRDA:121,8,0,0
BRDA:121,8,1,0
BRDA:129,9,0,0
BRDA:129,9,1,0
BRDA:130,10,0,0
BRDA:130,10,1,0
BRDA:147,11,0,0
BRDA:147,11,1,0
BRDA:169,12,0,0
BRDA:169,12,1,0
BRDA:169,12,2,0
BRDA:180,13,0,0
BRDA:180,13,1,0
BRDA:181,14,0,0
BRDA:181,14,1,0
BRDA:214,15,0,0
BRDA:214,15,1,0
BRDA:224,16,0,0
BRDA:224,16,1,0
BRDA:253,17,0,0
BRDA:253,17,1,0
BRDA:264,18,0,0
BRDA:264,18,1,0
BRDA:410,19,0,0
BRDA:410,19,1,0
BRDA:422,20,0,0
BRDA:422,20,1,0
BRDA:456,21,0,0
BRDA:456,21,1,0
BRDA:480,22,0,0
BRDA:480,22,1,0
BRDA:494,23,0,0
BRDA:494,23,1,0
BRDA:510,24,0,0
BRDA:510,24,1,0
BRF:53
BRH:0
end_of_record
TN:
SF:src/pages/Reservations.jsx
FN:23,toDatetimeLocal
FN:27,(anonymous_1)
FN:42,(anonymous_2)
FN:48,(anonymous_3)
FN:53,(anonymous_4)
FN:78,(anonymous_5)
FN:84,(anonymous_6)
FN:88,(anonymous_7)
FN:92,(anonymous_8)
FN:96,(anonymous_9)
FN:113,(anonymous_10)
FN:134,(anonymous_11)
FN:144,(anonymous_12)
FN:162,(anonymous_13)
FN:168,(anonymous_14)
FN:181,(anonymous_15)
FN:201,(anonymous_16)
FN:217,(anonymous_17)
FN:218,(anonymous_18)
FN:242,(anonymous_19)
FN:248,(anonymous_20)
FN:249,(anonymous_21)
FN:261,(anonymous_22)
FN:294,(anonymous_23)
FN:310,(anonymous_24)
FN:334,(anonymous_25)
FN:338,(anonymous_26)
FN:339,(anonymous_27)
FN:345,(anonymous_28)
FN:349,(anonymous_29)
FN:364,(anonymous_30)
FN:396,(anonymous_31)
FN:439,(anonymous_32)
FN:460,(anonymous_33)
FN:464,(anonymous_34)
FN:477,(anonymous_35)
FN:484,(anonymous_36)
FN:491,(anonymous_37)
FN:527,(anonymous_38)
FN:548,(anonymous_39)
FN:592,(anonymous_40)
FN:649,(anonymous_41)
FN:655,(anonymous_42)
FN:700,(anonymous_43)
FN:712,(anonymous_44)
FN:724,(anonymous_45)
FN:725,(anonymous_46)
FN:744,(anonymous_47)
FN:772,(anonymous_48)
FN:802,(anonymous_49)
FN:826,(anonymous_50)
FN:863,(anonymous_51)
FN:877,(anonymous_52)
FN:884,(anonymous_53)
FN:885,(anonymous_54)
FN:887,(anonymous_55)
FN:910,(anonymous_56)
FN:933,(anonymous_57)
FN:955,(anonymous_58)
FN:979,(anonymous_59)
FNF:60
FNH:0
FNDA:0,toDatetimeLocal
FNDA:0,(anonymous_1)
FNDA:0,(anonymous_2)
FNDA:0,(anonymous_3)
FNDA:0,(anonymous_4)
FNDA:0,(anonymous_5)
FNDA:0,(anonymous_6)
FNDA:0,(anonymous_7)
FNDA:0,(anonymous_8)
FNDA:0,(anonymous_9)
FNDA:0,(anonymous_10)
FNDA:0,(anonymous_11)
FNDA:0,(anonymous_12)
FNDA:0,(anonymous_13)
FNDA:0,(anonymous_14)
FNDA:0,(anonymous_15)
FNDA:0,(anonymous_16)
FNDA:0,(anonymous_17)
FNDA:0,(anonymous_18)
FNDA:0,(anonymous_19)
FNDA:0,(anonymous_20)
FNDA:0,(anonymous_21)
FNDA:0,(anonymous_22)
FNDA:0,(anonymous_23)
FNDA:0,(anonymous_24)
FNDA:0,(anonymous_25)
FNDA:0,(anonymous_26)
FNDA:0,(anonymous_27)
FNDA:0,(anonymous_28)
FNDA:0,(anonymous_29)
FNDA:0,(anonymous_30)
FNDA:0,(anonymous_31)
FNDA:0,(anonymous_32)
FNDA:0,(anonymous_33)
FNDA:0,(anonymous_34)
FNDA:0,(anonymous_35)
FNDA:0,(anonymous_36)
FNDA:0,(anonymous_37)
FNDA:0,(anonymous_38)
FNDA:0,(anonymous_39)
FNDA:0,(anonymous_40)
FNDA:0,(anonymous_41)
FNDA:0,(anonymous_42)
FNDA:0,(anonymous_43)
FNDA:0,(anonymous_44)
FNDA:0,(anonymous_45)
FNDA:0,(anonymous_46)
FNDA:0,(anonymous_47)
FNDA:0,(anonymous_48)
FNDA:0,(anonymous_49)
FNDA:0,(anonymous_50)
FNDA:0,(anonymous_51)
FNDA:0,(anonymous_52)
FNDA:0,(anonymous_53)
FNDA:0,(anonymous_54)
FNDA:0,(anonymous_55)
FNDA:0,(anonymous_56)
FNDA:0,(anonymous_57)
FNDA:0,(anonymous_58)
FNDA:0,(anonymous_59)
DA:10,0
DA:24,0
DA:25,0
DA:27,0
DA:29,0
DA:42,0
DA:43,0
DA:44,0
DA:45,0
DA:48,0
DA:49,0
DA:50,0
DA:51,0
DA:52,0
DA:53,0
DA:54,0
DA:59,0
DA:60,0
DA:61,0
DA:62,0
DA:63,0
DA:64,0
DA:65,0
DA:66,0
DA:67,0
DA:68,0
DA:71,0
DA:78,0
DA:79,0
DA:80,0
DA:84,0
DA:85,0
DA:86,0
DA:88,0
DA:90,0
DA:92,0
DA:96,0
DA:97,0
DA:98,0
DA:99,0
DA:100,0
DA:101,0
DA:104,0
DA:105,0
DA:107,0
DA:109,0
DA:113,0
DA:114,0
DA:115,0
DA:116,0
DA:117,0
DA:118,0
DA:120,0
DA:121,0
DA:122,0
DA:124,0
DA:125,0
DA:126,0
DA:127,0
DA:128,0
DA:134,0
DA:135,0
DA:136,0
DA:137,0
DA:139,0
DA:140,0
DA:144,0
DA:145,0
DA:148,0
DA:149,0
DA:150,0
DA:153,0
DA:156,0
DA:157,0
DA:158,0
DA:162,0
DA:163,0
DA:164,0
DA:165,0
DA:168,0
DA:169,0
DA:170,0
DA:171,0
DA:174,0
DA:180,0
DA:181,0
DA:182,0
DA:184,0
DA:185,0
DA:186,0
DA:187,0
DA:193,0
DA:195,0
DA:197,0
DA:201,0
DA:202,0
DA:203,0
DA:204,0
DA:207,0
DA:213,0
DA:217,0
DA:218,0
DA:219,0
DA:222,0
DA:223,0
DA:225,0
DA:226,0
DA:227,0
DA:228,0
DA:234,0
DA:236,0
DA:238,0
DA:242,0
DA:243,0
DA:245,0
DA:246,0
DA:247,0
DA:248,0
DA:249,0
DA:250,0
DA:253,0
DA:255,0
DA:257,0
DA:261,0
DA:262,0
DA:263,0
DA:264,0
DA:265,0
DA:266,0
DA:267,0
DA:270,0
DA:277,0
DA:278,0
DA:279,0
DA:280,0
DA:284,0
DA:285,0
DA:286,0
DA:288,0
DA:290,0
DA:294,0
DA:296,0
DA:297,0
DA:298,0
DA:300,0
DA:306,0
DA:307,0
DA:310,0
DA:311,0
DA:312,0
DA:313,0
DA:316,0
DA:319,0
DA:323,0
DA:329,0
DA:330,0
DA:334,0
DA:335,0
DA:338,0
DA:339,0
DA:340,0
DA:341,0
DA:345,0
DA:346,0
DA:349,0
DA:350,0
DA:352,0
DA:354,0
DA:356,0
DA:358,0
DA:360,0
DA:364,0
DA:365,0
DA:366,0
DA:367,0
DA:369,0
DA:371,0
DA:373,0
DA:375,0
DA:377,0
DA:380,0
DA:382,0
DA:384,0
DA:386,0
DA:388,0
DA:390,0
DA:396,0
DA:397,0
DA:398,0
DA:399,0
DA:400,0
DA:403,0
DA:404,0
DA:419,0
DA:439,0
DA:461,0
DA:462,0
DA:464,0
DA:477,0
DA:484,0
DA:491,0
DA:528,0
DA:529,0
DA:549,0
DA:593,0
DA:649,0
DA:656,0
DA:700,0
DA:713,0
DA:724,0
DA:726,0
DA:745,0
DA:773,0
DA:803,0
DA:826,0
DA:864,0
DA:878,0
DA:885,0
DA:888,0
DA:911,0
DA:934,0
DA:956,0
DA:979,0
LF:223
LH:0
BRDA:24,0,0,0
BRDA:24,0,1,0
BRDA:25,1,0,0
BRDA:25,1,1,0
BRDA:49,2,0,0
BRDA:49,2,1,0
BRDA:100,3,0,0
BRDA:100,3,1,0
BRDA:105,4,0,0
BRDA:105,4,1,0
BRDA:107,5,0,0
BRDA:107,5,1,0
BRDA:120,6,0,0
BRDA:120,6,1,0
BRDA:127,7,0,0
BRDA:127,7,1,0
BRDA:135,8,0,0
BRDA:135,8,1,0
BRDA:145,9,0,0
BRDA:145,9,1,0
BRDA:163,10,0,0
BRDA:163,10,1,0
BRDA:195,11,0,0
BRDA:195,11,1,0
BRDA:219,12,0,0
BRDA:219,12,1,0
BRDA:236,13,0,0
BRDA:236,13,1,0
BRDA:243,14,0,0
BRDA:243,14,1,0
BRDA:250,15,0,0
BRDA:250,15,1,0
BRDA:255,16,0,0
BRDA:255,16,1,0
BRDA:266,17,0,0
BRDA:266,17,1,0
BRDA:316,18,0,0
BRDA:316,18,1,0
BRDA:319,19,0,0
BRDA:319,19,1,0
BRDA:324,20,0,0
BRDA:324,20,1,0
BRDA:327,21,0,0
BRDA:327,21,1,0
BRDA:335,22,0,0
BRDA:335,22,1,0
BRDA:350,23,0,0
BRDA:350,23,1,0
BRDA:350,23,2,0
BRDA:350,23,3,0
BRDA:350,23,4,0
BRDA:366,24,0,0
BRDA:366,24,1,0
BRDA:367,25,0,0
BRDA:367,25,1,0
BRDA:367,25,2,0
BRDA:367,25,3,0
BRDA:367,25,4,0
BRDA:380,26,0,0
BRDA:380,26,1,0
BRDA:380,26,2,0
BRDA:380,26,3,0
BRDA:380,26,4,0
BRDA:397,27,0,0
BRDA:397,27,1,0
BRDA:397,28,0,0
BRDA:397,28,1,0
BRDA:403,29,0,0
BRDA:403,29,1,0
BRDA:403,30,0,0
BRDA:403,30,1,0
BRDA:407,31,0,0
BRDA:407,31,1,0
BRDA:422,32,0,0
BRDA:422,32,1,0
BRDA:430,33,0,0
BRDA:430,33,1,0
BRDA:441,34,0,0
BRDA:441,34,1,0
BRDA:474,35,0,0
BRDA:474,35,1,0
BRDA:481,36,0,0
BRDA:481,36,1,0
BRDA:488,37,0,0
BRDA:488,37,1,0
BRDA:495,38,0,0
BRDA:495,38,1,0
BRDA:502,39,0,0
BRDA:502,39,1,0
BRDA:513,40,0,0
BRDA:513,40,1,0
BRDA:518,41,0,0
BRDA:518,41,1,0
BRDA:526,42,0,0
BRDA:526,42,1,0
BRDA:529,43,0,0
BRDA:529,43,1,0
BRDA:541,44,0,0
BRDA:541,44,1,0
BRDA:552,45,0,0
BRDA:552,45,1,0
BRDA:581,46,0,0
BRDA:581,46,1,0
BRDA:586,47,0,0
BRDA:586,47,1,0
BRDA:596,48,0,0
BRDA:596,48,1,0
BRDA:635,49,0,0
BRDA:635,49,1,0
BRDA:646,50,0,0
BRDA:646,50,1,0
BRDA:668,51,0,0
BRDA:668,51,1,0
BRDA:671,52,0,0
BRDA:671,52,1,0
BRDA:682,53,0,0
BRDA:682,53,1,0
BRDA:686,54,0,0
BRDA:686,54,1,0
BRDA:691,55,0,0
BRDA:691,55,1,0
BRDA:705,56,0,0
BRDA:705,56,1,0
BRDA:717,57,0,0
BRDA:717,57,1,0
BRDA:736,58,0,0
BRDA:736,58,1,0
BRDA:749,59,0,0
BRDA:749,59,1,0
BRDA:754,60,0,0
BRDA:754,60,1,0
BRDA:764,61,0,0
BRDA:764,61,1,0
BRDA:777,62,0,0
BRDA:777,62,1,0
BRDA:782,63,0,0
BRDA:782,63,1,0
BRDA:795,64,0,0
BRDA:795,64,1,0
BRDA:807,65,0,0
BRDA:807,65,1,0
BRDA:820,66,0,0
BRDA:820,66,1,0
BRDA:838,67,0,0
BRDA:838,67,1,0
BRDA:838,67,2,0
BRDA:842,68,0,0
BRDA:842,68,1,0
BRDA:847,69,0,0
BRDA:847,69,1,0
BRDA:856,70,0,0
BRDA:856,70,1,0
BRDA:868,71,0,0
BRDA:868,71,1,0
BRDA:878,72,0,0
BRDA:878,72,1,0
BRDA:890,73,0,0
BRDA:890,73,1,0
BRDA:890,74,0,0
BRDA:890,74,1,0
BRDA:902,75,0,0
BRDA:902,75,1,0
BRDA:915,76,0,0
BRDA:915,76,1,0
BRDA:925,77,0,0
BRDA:925,77,1,0
BRDA:938,78,0,0
BRDA:938,78,1,0
BRDA:948,79,0,0
BRDA:948,79,1,0
BRDA:960,80,0,0
BRDA:960,80,1,0
BRDA:973,81,0,0
BRDA:973,81,1,0
BRF:174
BRH:0
end_of_record
TN:
SF:src/pages/Return.jsx
FN:16,(anonymous_0)
FN:30,(anonymous_1)
FN:40,(anonymous_2)
FN:48,(anonymous_3)
FN:58,(anonymous_4)
FN:63,(anonymous_5)
FN:83,(anonymous_6)
FN:93,(anonymous_7)
FN:120,(anonymous_8)
FN:227,(anonymous_9)
FN:264,(anonymous_10)
FN:267,(anonymous_11)
FN:403,(anonymous_12)
FNF:13
FNH:0
FNDA:0,(anonymous_0)
FNDA:0,(anonymous_1)
FNDA:0,(anonymous_2)
FNDA:0,(anonymous_3)
FNDA:0,(anonymous_4)
FNDA:0,(anonymous_5)
FNDA:0,(anonymous_6)
FNDA:0,(anonymous_7)
FNDA:0,(anonymous_8)
FNDA:0,(anonymous_9)
FNDA:0,(anonymous_10)
FNDA:0,(anonymous_11)
FNDA:0,(anonymous_12)
DA:16,0
DA:17,0
DA:18,0
DA:19,0
DA:20,0
DA:21,0
DA:22,0
DA:23,0
DA:24,0
DA:25,0
DA:26,0
DA:27,0
DA:28,0
DA:30,0
DA:33,0
DA:34,0
DA:35,0
DA:36,0
DA:37,0
DA:40,0
DA:41,0
DA:42,0
DA:43,0
DA:44,0
DA:48,0
DA:49,0
DA:50,0
DA:51,0
DA:53,0
DA:54,0
DA:58,0
DA:59,0
DA:60,0
DA:63,0
DA:64,0
DA:65,0
DA:67,0
DA:68,0
DA:74,0
DA:77,0
DA:78,0
DA:80,0
DA:83,0
DA:84,0
DA:87,0
DA:89,0
DA:93,0
DA:94,0
DA:95,0
DA:96,0
DA:97,0
DA:98,0
DA:99,0
DA:102,0
DA:121,0
DA:227,0
DA:265,0
DA:267,0
DA:403,0
LF:59
LH:0
BRDA:41,0,0,0
BRDA:41,0,1,0
BRDA:69,1,0,0
BRDA:69,1,1,0
BRDA:77,2,0,0
BRDA:77,2,1,0
BRDA:87,3,0,0
BRDA:87,3,1,0
BRDA:107,4,0,0
BRDA:107,4,1,0
BRDA:112,5,0,0
BRDA:112,5,1,0
BRDA:124,6,0,0
BRDA:124,6,1,0
BRDA:131,7,0,0
BRDA:131,7,1,0
BRDA:134,8,0,0
BRDA:134,8,1,0
BRDA:144,9,0,0
BRDA:144,9,1,0
BRDA:151,10,0,0
BRDA:151,10,1,0
BRDA:159,11,0,0
BRDA:159,11,1,0
BRDA:167,12,0,0
BRDA:167,12,1,0
BRDA:172,13,0,0
BRDA:172,13,1,0
BRDA:181,14,0,0
BRDA:181,14,1,0
BRDA:186,15,0,0
BRDA:186,15,1,0
BRDA:193,16,0,0
BRDA:193,16,1,0
BRDA:206,17,0,0
BRDA:206,17,1,0
BRDA:211,18,0,0
BRDA:211,18,1,0
BRDA:218,19,0,0
BRDA:218,19,1,0
BRDA:230,20,0,0
BRDA:230,20,1,0
BRDA:249,21,0,0
BRDA:249,21,1,0
BRDA:254,22,0,0
BRDA:254,22,1,0
BRDA:259,23,0,0
BRDA:259,23,1,0
BRDA:269,24,0,0
BRDA:269,24,1,0
BRDA:279,25,0,0
BRDA:279,25,1,0
BRDA:286,26,0,0
BRDA:286,26,1,0
BRDA:294,27,0,0
BRDA:294,27,1,0
BRDA:309,28,0,0
BRDA:309,28,1,0
BRDA:314,29,0,0
BRDA:314,29,1,0
BRDA:319,30,0,0
BRDA:319,30,1,0
BRDA:326,31,0,0
BRDA:326,31,1,0
BRDA:333,32,0,0
BRDA:333,32,1,0
BRDA:336,33,0,0
BRDA:336,33,1,0
BRDA:340,34,0,0
BRDA:340,34,1,0
BRDA:343,35,0,0
BRDA:343,35,1,0
BRDA:349,36,0,0
BRDA:349,36,1,0
BRDA:356,37,0,0
BRDA:356,37,1,0
BRDA:365,38,0,0
BRDA:365,38,1,0
BRDA:372,39,0,0
BRDA:372,39,1,0
BRDA:390,40,0,0
BRDA:390,40,1,0
BRDA:405,41,0,0
BRDA:405,41,1,0
BRF:84
BRH:0
end_of_record
TN:
SF:src/pages/Users.jsx
FN:30,(anonymous_0)
FN:46,(anonymous_1)
FN:50,(anonymous_2)
FN:63,(anonymous_3)
FN:76,(anonymous_4)
FN:89,(anonymous_5)
FN:101,(anonymous_6)
FN:110,(anonymous_7)
FN:117,(anonymous_8)
FN:125,(anonymous_9)
FN:133,(anonymous_10)
FN:178,(anonymous_11)
FN:190,(anonymous_12)
FN:205,(anonymous_13)
FN:264,(anonymous_14)
FN:310,(anonymous_15)
FN:317,(anonymous_16)
FN:373,(anonymous_17)
FN:396,(anonymous_18)
FN:407,(anonymous_19)
FN:428,(anonymous_20)
FN:505,(anonymous_21)
FN:527,(anonymous_22)
FN:538,(anonymous_23)
FN:559,(anonymous_24)
FN:599,(anonymous_25)
FNF:26
FNH:0
FNDA:0,(anonymous_0)
FNDA:0,(anonymous_1)
FNDA:0,(anonymous_2)
FNDA:0,(anonymous_3)
FNDA:0,(anonymous_4)
FNDA:0,(anonymous_5)
FNDA:0,(anonymous_6)
FNDA:0,(anonymous_7)
FNDA:0,(anonymous_8)
FNDA:0,(anonymous_9)
FNDA:0,(anonymous_10)
FNDA:0,(anonymous_11)
FNDA:0,(anonymous_12)
FNDA:0,(anonymous_13)
FNDA:0,(anonymous_14)
FNDA:0,(anonymous_15)
FNDA:0,(anonymous_16)
FNDA:0,(anonymous_17)
FNDA:0,(anonymous_18)
FNDA:0,(anonymous_19)
FNDA:0,(anonymous_20)
FNDA:0,(anonymous_21)
FNDA:0,(anonymous_22)
FNDA:0,(anonymous_23)
FNDA:0,(anonymous_24)
FNDA:0,(anonymous_25)
DA:30,0
DA:31,0
DA:32,0
DA:33,0
DA:34,0
DA:35,0
DA:36,0
DA:37,0
DA:38,0
DA:39,0
DA:40,0
DA:46,0
DA:47,0
DA:50,0
DA:51,0
DA:52,0
DA:53,0
DA:54,0
DA:56,0
DA:57,0
DA:59,0
DA:63,0
DA:64,0
DA:65,0
DA:66,0
DA:67,0
DA:68,0
DA:69,0
DA:71,0
DA:72,0
DA:76,0
DA:77,0
DA:78,0
DA:79,0
DA:80,0
DA:81,0
DA:82,0
DA:84,0
DA:85,0
DA:89,0
DA:90,0
DA:92,0
DA:93,0
DA:94,0
DA:96,0
DA:97,0
DA:101,0
DA:102,0
DA:103,0
DA:110,0
DA:111,0
DA:112,0
DA:113,0
DA:114,0
DA:117,0
DA:118,0
DA:121,0
DA:122,0
DA:125,0
DA:126,0
DA:133,0
DA:134,0
DA:145,0
DA:146,0
DA:153,0
DA:178,0
DA:190,0
DA:205,0
DA:265,0
DA:310,0
DA:317,0
DA:374,0
DA:397,0
DA:407,0
DA:429,0
DA:506,0
DA:528,0
DA:538,0
DA:560,0
DA:599,0
LF:80
LH:0
BRDA:54,0,0,0
BRDA:54,0,1,0
BRDA:54,0,2,0
BRDA:90,1,0,0
BRDA:90,1,1,0
BRDA:117,2,0,0
BRDA:117,2,1,0
BRDA:121,3,0,0
BRDA:121,3,1,0
BRDA:122,4,0,0
BRDA:122,4,1,0
BRDA:126,5,0,0
BRDA:126,5,1,0
BRDA:134,6,0,0
BRDA:134,6,1,0
BRDA:145,7,0,0
BRDA:145,7,1,0
BRDA:158,8,0,0
BRDA:158,8,1,0
BRDA:163,9,0,0
BRDA:163,9,1,0
BRDA:180,10,0,0
BRDA:180,10,1,0
BRDA:192,11,0,0
BRDA:192,11,1,0
BRDA:214,12,0,0
BRDA:214,12,1,0
BRDA:215,13,0,0
BRDA:215,13,1,0
BRDA:220,14,0,0
BRDA:220,14,1,0
BRDA:225,15,0,0
BRDA:225,15,1,0
BRDA:226,16,0,0
BRDA:226,16,1,0
BRDA:226,17,0,0
BRDA:226,17,1,0
BRDA:234,18,0,0
BRDA:234,18,1,0
BRDA:238,19,0,0
BRDA:238,19,1,0
BRDA:245,20,0,0
BRDA:245,20,1,0
BRDA:252,21,0,0
BRDA:252,21,1,0
BRDA:261,22,0,0
BRDA:261,22,1,0
BRDA:268,23,0,0
BRDA:268,23,1,0
BRDA:278,24,0,0
BRDA:278,24,1,0
BRDA:289,25,0,0
BRDA:289,25,1,0
BRDA:296,26,0,0
BRDA:296,26,1,0
BRDA:315,27,0,0
BRDA:315,27,1,0
BRDA:334,28,0,0
BRDA:334,28,1,0
BRDA:338,29,0,0
BRDA:338,29,1,0
BRDA:344,30,0,0
BRDA:344,30,1,0
BRDA:352,31,0,0
BRDA:352,31,1,0
BRDA:364,32,0,0
BRDA:364,32,1,0
BRDA:377,33,0,0
BRDA:377,33,1,0
BRDA:386,34,0,0
BRDA:386,34,1,0
BRDA:393,35,0,0
BRDA:393,35,1,0
BRDA:400,36,0,0
BRDA:400,36,1,0
BRDA:410,37,0,0
BRDA:410,37,1,0
BRDA:421,38,0,0
BRDA:421,38,1,0
BRDA:432,39,0,0
BRDA:432,39,1,0
BRDA:446,40,0,0
BRDA:446,40,1,0
BRDA:466,41,0,0
BRDA:466,41,1,0
BRDA:470,42,0,0
BRDA:470,42,1,0
BRDA:476,43,0,0
BRDA:476,43,1,0
BRDA:484,44,0,0
BRDA:484,44,1,0
BRDA:496,45,0,0
BRDA:496,45,1,0
BRDA:509,46,0,0
BRDA:509,46,1,0
BRDA:518,47,0,0
BRDA:518,47,1,0
BRDA:525,48,0,0
BRDA:525,48,1,0
BRDA:531,49,0,0
BRDA:531,49,1,0
BRDA:541,50,0,0
BRDA:541,50,1,0
BRDA:552,51,0,0
BRDA:552,51,1,0
BRDA:563,52,0,0
BRDA:563,52,1,0
BRDA:577,53,0,0
BRDA:577,53,1,0
BRDA:601,54,0,0
BRDA:601,54,1,0
BRF:111
BRH:0
end_of_record
TN:
SF:src/utils/api.js
FN:15,(anonymous_0)
FN:22,(anonymous_1)
FN:29,(anonymous_2)
FN:30,(anonymous_3)
FN:40,(anonymous_4)
FN:49,(anonymous_5)
FN:54,(anonymous_6)
FN:59,(anonymous_7)
FN:65,(anonymous_8)
FN:70,(anonymous_9)
FN:76,(anonymous_10)
FN:81,(anonymous_11)
FN:86,(anonymous_12)
FN:91,(anonymous_13)
FN:97,(anonymous_14)
FN:102,(anonymous_15)
FN:107,(anonymous_16)
FN:113,(anonymous_17)
FN:119,(anonymous_18)
FN:124,(anonymous_19)
FN:129,(anonymous_20)
FN:134,(anonymous_21)
FN:139,(anonymous_22)
FN:144,(anonymous_23)
FN:150,(anonymous_24)
FN:155,(anonymous_25)
FN:161,(anonymous_26)
FNF:27
FNH:0
FNDA:0,(anonymous_0)
FNDA:0,(anonymous_1)
FNDA:0,(anonymous_2)
FNDA:0,(anonymous_3)
FNDA:0,(anonymous_4)
FNDA:0,(anonymous_5)
FNDA:0,(anonymous_6)
FNDA:0,(anonymous_7)
FNDA:0,(anonymous_8)
FNDA:0,(anonymous_9)
FNDA:0,(anonymous_10)
FNDA:0,(anonymous_11)
FNDA:0,(anonymous_12)
FNDA:0,(anonymous_13)
FNDA:0,(anonymous_14)
FNDA:0,(anonymous_15)
FNDA:0,(anonymous_16)
FNDA:0,(anonymous_17)
FNDA:0,(anonymous_18)
FNDA:0,(anonymous_19)
FNDA:0,(anonymous_20)
FNDA:0,(anonymous_21)
FNDA:0,(anonymous_22)
FNDA:0,(anonymous_23)
FNDA:0,(anonymous_24)
FNDA:0,(anonymous_25)
FNDA:0,(anonymous_26)
DA:3,0
DA:6,0
DA:14,0
DA:16,0
DA:17,0
DA:18,0
DA:20,0
DA:23,0
DA:28,0
DA:29,0
DA:31,0
DA:32,0
DA:33,0
DA:35,0
DA:40,0
DA:41,0
DA:43,0
DA:44,0
DA:46,0
DA:49,0
DA:50,0
DA:51,0
DA:54,0
DA:55,0
DA:56,0
DA:59,0
DA:60,0
DA:61,0
DA:65,0
DA:66,0
DA:67,0
DA:70,0
DA:71,0
DA:72,0
DA:76,0
DA:77,0
DA:78,0
DA:81,0
DA:82,0
DA:83,0
DA:86,0
DA:87,0
DA:88,0
DA:91,0
DA:92,0
DA:93,0
DA:97,0
DA:98,0
DA:99,0
DA:102,0
DA:103,0
DA:104,0
DA:107,0
DA:108,0
DA:109,0
DA:113,0
DA:114,0
DA:115,0
DA:119,0
DA:120,0
DA:121,0
DA:124,0
DA:125,0
DA:126,0
DA:129,0
DA:130,0
DA:131,0
DA:134,0
DA:135,0
DA:136,0
DA:139,0
DA:140,0
DA:141,0
DA:144,0
DA:145,0
DA:146,0
DA:150,0
DA:151,0
DA:152,0
DA:155,0
DA:156,0
DA:157,0
DA:161,0
DA:162,0
DA:163,0
LF:85
LH:0
BRDA:17,0,0,0
BRDA:17,0,1,0
BRDA:31,1,0,0
BRDA:31,1,1,0
BRDA:43,2,0,0
BRDA:43,2,1,0
BRF:6
BRH:0
end_of_record
